This file contains any messages produced by compilers while
running configure, to aid debugging if configure makes a mistake.

It was created by butt configure 0.2.17, which was
generated by GNU Autoconf 2.69.  Invocation command line was

  $ ./configure --prefix=/home/melchor9000/Documentos/butt

## --------- ##
## Platform. ##
## --------- ##

hostname = melchor-MacBookPro
uname -m = x86_64
uname -r = 4.10.0-19-generic
uname -s = Linux
uname -v = #21-Ubuntu SMP Thu Apr 6 17:04:57 UTC 2017

/usr/bin/uname -p = unknown
/bin/uname -X     = unknown

/bin/arch              = unknown
/usr/bin/arch -k       = unknown
/usr/convex/getsysinfo = unknown
/usr/bin/hostinfo      = unknown
/bin/machine           = unknown
/usr/bin/oslevel       = unknown
/bin/universe          = unknown

PATH: /usr/local/sbin
PATH: /usr/local/bin
PATH: /usr/sbin
PATH: /usr/bin
PATH: /sbin
PATH: /bin
PATH: /usr/games
PATH: /usr/local/games
PATH: /snap/bin


## ----------- ##
## Core tests. ##
## ----------- ##

configure:2389: checking for a BSD-compatible install
configure:2457: result: /usr/bin/install -c
configure:2468: checking whether build environment is sane
configure:2523: result: yes
configure:2674: checking for a thread-safe mkdir -p
configure:2713: result: /bin/mkdir -p
configure:2720: checking for gawk
configure:2750: result: no
configure:2720: checking for mawk
configure:2736: found /usr/bin/mawk
configure:2747: result: mawk
configure:2758: checking whether make sets $(MAKE)
configure:2780: result: yes
configure:2809: checking whether make supports nested variables
configure:2826: result: yes
configure:2956: checking build system type
configure:2970: result: x86_64-pc-linux-gnu
configure:2990: checking host system type
configure:3003: result: x86_64-pc-linux-gnu
configure:3087: checking for g++
configure:3103: found /usr/bin/g++
configure:3114: result: g++
configure:3141: checking for C++ compiler version
configure:3150: g++ --version >&5
g++ (Ubuntu 6.3.0-12ubuntu2) 6.3.0 20170406
Copyright (C) 2016 Free Software Foundation, Inc.
This is free software; see the source for copying conditions.  There is NO
warranty; not even for MERCHANTABILITY or FITNESS FOR A PARTICULAR PURPOSE.

configure:3161: $? = 0
configure:3150: g++ -v >&5
Using built-in specs.
COLLECT_GCC=g++
COLLECT_LTO_WRAPPER=/usr/lib/gcc/x86_64-linux-gnu/6/lto-wrapper
Target: x86_64-linux-gnu
Configured with: ../src/configure -v --with-pkgversion='Ubuntu 6.3.0-12ubuntu2' --with-bugurl=file:///usr/share/doc/gcc-6/README.Bugs --enable-languages=c,ada,c++,java,go,d,fortran,objc,obj-c++ --prefix=/usr --program-suffix=-6 --program-prefix=x86_64-linux-gnu- --enable-shared --enable-linker-build-id --libexecdir=/usr/lib --without-included-gettext --enable-threads=posix --libdir=/usr/lib --enable-nls --with-sysroot=/ --enable-clocale=gnu --enable-libstdcxx-debug --enable-libstdcxx-time=yes --with-default-libstdcxx-abi=new --enable-gnu-unique-object --disable-vtable-verify --enable-libmpx --enable-plugin --enable-default-pie --with-system-zlib --disable-browser-plugin --enable-java-awt=gtk --enable-gtk-cairo --with-java-home=/usr/lib/jvm/java-1.5.0-gcj-6-amd64/jre --enable-java-home --with-jvm-root-dir=/usr/lib/jvm/java-1.5.0-gcj-6-amd64 --with-jvm-jar-dir=/usr/lib/jvm-exports/java-1.5.0-gcj-6-amd64 --with-arch-directory=amd64 --with-ecj-jar=/usr/share/java/eclipse-ecj.jar --with-target-system-zlib --enable-objc-gc=auto --enable-multiarch --disable-werror --with-arch-32=i686 --with-abi=m64 --with-multilib-list=m32,m64,mx32 --enable-multilib --with-tune=generic --enable-checking=release --build=x86_64-linux-gnu --host=x86_64-linux-gnu --target=x86_64-linux-gnu
Thread model: posix
gcc version 6.3.0 20170406 (Ubuntu 6.3.0-12ubuntu2) 
configure:3161: $? = 0
configure:3150: g++ -V >&5
g++: error: unrecognized command line option '-V'
g++: fatal error: no input files
compilation terminated.
configure:3161: $? = 1
configure:3150: g++ -qversion >&5
g++: error: unrecognized command line option '-qversion'; did you mean '--version'?
g++: fatal error: no input files
compilation terminated.
configure:3161: $? = 1
configure:3181: checking whether the C++ compiler works
configure:3203: g++    conftest.cpp  >&5
configure:3207: $? = 0
configure:3255: result: yes
configure:3258: checking for C++ compiler default output file name
configure:3260: result: a.out
configure:3266: checking for suffix of executables
configure:3273: g++ -o conftest    conftest.cpp  >&5
configure:3277: $? = 0
configure:3299: result: 
configure:3321: checking whether we are cross compiling
configure:3329: g++ -o conftest    conftest.cpp  >&5
configure:3333: $? = 0
configure:3340: ./conftest
configure:3344: $? = 0
configure:3359: result: no
configure:3364: checking for suffix of object files
configure:3386: g++ -c   conftest.cpp >&5
configure:3390: $? = 0
configure:3411: result: o
configure:3415: checking whether we are using the GNU C++ compiler
configure:3434: g++ -c   conftest.cpp >&5
configure:3434: $? = 0
configure:3443: result: yes
configure:3452: checking whether g++ accepts -g
configure:3472: g++ -c -g  conftest.cpp >&5
configure:3472: $? = 0
configure:3513: result: yes
configure:3547: checking for style of include used by make
configure:3575: result: GNU
configure:3601: checking dependency style of g++
configure:3712: result: gcc3
configure:3775: checking for gcc
configure:3791: found /usr/bin/gcc
configure:3802: result: gcc
configure:4031: checking for C compiler version
configure:4040: gcc --version >&5
gcc (Ubuntu 6.3.0-12ubuntu2) 6.3.0 20170406
Copyright (C) 2016 Free Software Foundation, Inc.
This is free software; see the source for copying conditions.  There is NO
warranty; not even for MERCHANTABILITY or FITNESS FOR A PARTICULAR PURPOSE.

configure:4051: $? = 0
configure:4040: gcc -v >&5
Using built-in specs.
COLLECT_GCC=gcc
COLLECT_LTO_WRAPPER=/usr/lib/gcc/x86_64-linux-gnu/6/lto-wrapper
Target: x86_64-linux-gnu
Configured with: ../src/configure -v --with-pkgversion='Ubuntu 6.3.0-12ubuntu2' --with-bugurl=file:///usr/share/doc/gcc-6/README.Bugs --enable-languages=c,ada,c++,java,go,d,fortran,objc,obj-c++ --prefix=/usr --program-suffix=-6 --program-prefix=x86_64-linux-gnu- --enable-shared --enable-linker-build-id --libexecdir=/usr/lib --without-included-gettext --enable-threads=posix --libdir=/usr/lib --enable-nls --with-sysroot=/ --enable-clocale=gnu --enable-libstdcxx-debug --enable-libstdcxx-time=yes --with-default-libstdcxx-abi=new --enable-gnu-unique-object --disable-vtable-verify --enable-libmpx --enable-plugin --enable-default-pie --with-system-zlib --disable-browser-plugin --enable-java-awt=gtk --enable-gtk-cairo --with-java-home=/usr/lib/jvm/java-1.5.0-gcj-6-amd64/jre --enable-java-home --with-jvm-root-dir=/usr/lib/jvm/java-1.5.0-gcj-6-amd64 --with-jvm-jar-dir=/usr/lib/jvm-exports/java-1.5.0-gcj-6-amd64 --with-arch-directory=amd64 --with-ecj-jar=/usr/share/java/eclipse-ecj.jar --with-target-system-zlib --enable-objc-gc=auto --enable-multiarch --disable-werror --with-arch-32=i686 --with-abi=m64 --with-multilib-list=m32,m64,mx32 --enable-multilib --with-tune=generic --enable-checking=release --build=x86_64-linux-gnu --host=x86_64-linux-gnu --target=x86_64-linux-gnu
Thread model: posix
gcc version 6.3.0 20170406 (Ubuntu 6.3.0-12ubuntu2) 
configure:4051: $? = 0
configure:4040: gcc -V >&5
gcc: error: unrecognized command line option '-V'
gcc: fatal error: no input files
compilation terminated.
configure:4051: $? = 1
configure:4040: gcc -qversion >&5
gcc: error: unrecognized command line option '-qversion'; did you mean '--version'?
gcc: fatal error: no input files
compilation terminated.
configure:4051: $? = 1
configure:4055: checking whether we are using the GNU C compiler
configure:4074: gcc -c   conftest.c >&5
configure:4074: $? = 0
configure:4083: result: yes
configure:4092: checking whether gcc accepts -g
configure:4112: gcc -c -g  conftest.c >&5
configure:4112: $? = 0
configure:4153: result: yes
configure:4170: checking for gcc option to accept ISO C89
configure:4233: gcc  -c -g -O2  conftest.c >&5
configure:4233: $? = 0
configure:4246: result: none needed
configure:4271: checking whether gcc understands -c and -o together
configure:4293: gcc -c conftest.c -o conftest2.o
configure:4296: $? = 0
configure:4293: gcc -c conftest.c -o conftest2.o
configure:4296: $? = 0
configure:4308: result: yes
configure:4327: checking dependency style of gcc
configure:4438: result: gcc3
configure:4507: checking for gcc
configure:4523: found /usr/bin/gcc
configure:4534: result: gcc
configure:4559: checking for Objective C compiler version
configure:4568: gcc --version >&5
gcc (Ubuntu 6.3.0-12ubuntu2) 6.3.0 20170406
Copyright (C) 2016 Free Software Foundation, Inc.
This is free software; see the source for copying conditions.  There is NO
warranty; not even for MERCHANTABILITY or FITNESS FOR A PARTICULAR PURPOSE.

configure:4579: $? = 0
configure:4568: gcc -v >&5
Using built-in specs.
COLLECT_GCC=gcc
COLLECT_LTO_WRAPPER=/usr/lib/gcc/x86_64-linux-gnu/6/lto-wrapper
Target: x86_64-linux-gnu
Configured with: ../src/configure -v --with-pkgversion='Ubuntu 6.3.0-12ubuntu2' --with-bugurl=file:///usr/share/doc/gcc-6/README.Bugs --enable-languages=c,ada,c++,java,go,d,fortran,objc,obj-c++ --prefix=/usr --program-suffix=-6 --program-prefix=x86_64-linux-gnu- --enable-shared --enable-linker-build-id --libexecdir=/usr/lib --without-included-gettext --enable-threads=posix --libdir=/usr/lib --enable-nls --with-sysroot=/ --enable-clocale=gnu --enable-libstdcxx-debug --enable-libstdcxx-time=yes --with-default-libstdcxx-abi=new --enable-gnu-unique-object --disable-vtable-verify --enable-libmpx --enable-plugin --enable-default-pie --with-system-zlib --disable-browser-plugin --enable-java-awt=gtk --enable-gtk-cairo --with-java-home=/usr/lib/jvm/java-1.5.0-gcj-6-amd64/jre --enable-java-home --with-jvm-root-dir=/usr/lib/jvm/java-1.5.0-gcj-6-amd64 --with-jvm-jar-dir=/usr/lib/jvm-exports/java-1.5.0-gcj-6-amd64 --with-arch-directory=amd64 --with-ecj-jar=/usr/share/java/eclipse-ecj.jar --with-target-system-zlib --enable-objc-gc=auto --enable-multiarch --disable-werror --with-arch-32=i686 --with-abi=m64 --with-multilib-list=m32,m64,mx32 --enable-multilib --with-tune=generic --enable-checking=release --build=x86_64-linux-gnu --host=x86_64-linux-gnu --target=x86_64-linux-gnu
Thread model: posix
gcc version 6.3.0 20170406 (Ubuntu 6.3.0-12ubuntu2) 
configure:4579: $? = 0
configure:4568: gcc -V >&5
gcc: error: unrecognized command line option '-V'
gcc: fatal error: no input files
compilation terminated.
configure:4579: $? = 1
configure:4568: gcc -qversion >&5
gcc: error: unrecognized command line option '-qversion'; did you mean '--version'?
gcc: fatal error: no input files
compilation terminated.
configure:4579: $? = 1
configure:4583: checking whether we are using the GNU Objective C compiler
configure:4602: gcc -c   conftest.m >&5
gcc: error trying to exec 'cc1obj': execvp: No such file or directory
configure:4602: $? = 1
configure: failed program was:
| /* confdefs.h */
| #define PACKAGE_NAME "butt"
| #define PACKAGE_TARNAME "butt"
| #define PACKAGE_VERSION "0.2.17"
| #define PACKAGE_STRING "butt 0.2.17"
| #define PACKAGE_BUGREPORT "melchor9000@gmail.com"
| #define PACKAGE_URL ""
| #define PACKAGE "butt"
| #define VERSION "0.2.17"
| /* end confdefs.h.  */
| 
| int
| main ()
| {
| #ifndef __GNUC__
|        choke me
| #endif
| 
|   ;
|   return 0;
| }
configure:4611: result: no
configure:4620: checking whether gcc accepts -g
configure:4640: gcc -c -g  conftest.m >&5
gcc: error trying to exec 'cc1obj': execvp: No such file or directory
configure:4640: $? = 1
configure: failed program was:
| /* confdefs.h */
| #define PACKAGE_NAME "butt"
| #define PACKAGE_TARNAME "butt"
| #define PACKAGE_VERSION "0.2.17"
| #define PACKAGE_STRING "butt 0.2.17"
| #define PACKAGE_BUGREPORT "melchor9000@gmail.com"
| #define PACKAGE_URL ""
| #define PACKAGE "butt"
| #define VERSION "0.2.17"
| /* end confdefs.h.  */
| 
| int
| main ()
| {
| 
|   ;
|   return 0;
| }
configure:4655: gcc -c   conftest.m >&5
gcc: error trying to exec 'cc1obj': execvp: No such file or directory
configure:4655: $? = 1
configure: failed program was:
| /* confdefs.h */
| #define PACKAGE_NAME "butt"
| #define PACKAGE_TARNAME "butt"
| #define PACKAGE_VERSION "0.2.17"
| #define PACKAGE_STRING "butt 0.2.17"
| #define PACKAGE_BUGREPORT "melchor9000@gmail.com"
| #define PACKAGE_URL ""
| #define PACKAGE "butt"
| #define VERSION "0.2.17"
| /* end confdefs.h.  */
| 
| int
| main ()
| {
| 
|   ;
|   return 0;
| }
configure:4671: gcc -c -g  conftest.m >&5
gcc: error trying to exec 'cc1obj': execvp: No such file or directory
configure:4671: $? = 1
configure: failed program was:
| /* confdefs.h */
| #define PACKAGE_NAME "butt"
| #define PACKAGE_TARNAME "butt"
| #define PACKAGE_VERSION "0.2.17"
| #define PACKAGE_STRING "butt 0.2.17"
| #define PACKAGE_BUGREPORT "melchor9000@gmail.com"
| #define PACKAGE_URL ""
| #define PACKAGE "butt"
| #define VERSION "0.2.17"
| /* end confdefs.h.  */
| 
| int
| main ()
| {
| 
|   ;
|   return 0;
| }
configure:4681: result: no
configure:4706: checking dependency style of gcc
configure:4815: result: gcc3
configure:4835: checking for ogg_stream_init in -logg
configure:4860: gcc -o conftest -g -O2   -L/usr/local/lib conftest.c -logg   >&5
configure:4860: $? = 0
configure:4869: result: yes
configure:4883: checking for vorbis_info_init in -lvorbis
configure:4908: gcc -o conftest -g -O2   -L/usr/local/lib conftest.c -lvorbis  -logg  >&5
configure:4908: $? = 0
configure:4917: result: yes
configure:4931: checking for vorbis_encode_init in -lvorbisenc
configure:4956: gcc -o conftest -g -O2   -L/usr/local/lib conftest.c -lvorbisenc  -lvorbis -logg  >&5
configure:4956: $? = 0
configure:4965: result: yes
configure:4979: checking for opus_encoder_create in -lopus
configure:5004: gcc -o conftest -g -O2   -L/usr/local/lib conftest.c -lopus  -lvorbisenc -lvorbis -logg  >&5
configure:5004: $? = 0
configure:5013: result: yes
configure:5027: checking for lame_init in -lmp3lame
configure:5052: gcc -o conftest -g -O2   -L/usr/local/lib conftest.c -lmp3lame  -lopus -lvorbisenc -lvorbis -logg  >&5
configure:5052: $? = 0
configure:5061: result: yes
configure:5076: checking for FLAC__stream_encoder_new in -lFLAC
configure:5101: gcc -o conftest -g -O2   -L/usr/local/lib conftest.c -lFLAC  -lmp3lame -lopus -lvorbisenc -lvorbis -logg  >&5
configure:5101: $? = 0
configure:5110: result: yes
configure:5124: checking for Pa_Initialize in -lportaudio
configure:5149: gcc -o conftest -g -O2   -L/usr/local/lib conftest.c -lportaudio  -lFLAC -lmp3lame -lopus -lvorbisenc -lvorbis -logg  >&5
configure:5149: $? = 0
configure:5158: result: yes
configure:5172: checking for pthread_create in -lpthread
configure:5197: gcc -o conftest -g -O2   -L/usr/local/lib conftest.c -lpthread  -lportaudio -lFLAC -lmp3lame -lopus -lvorbisenc -lvorbis -logg  >&5
configure:5197: $? = 0
configure:5206: result: yes
configure:5220: checking for src_new in -lsamplerate
configure:5245: gcc -o conftest -g -O2   -L/usr/local/lib conftest.c -lsamplerate  -lpthread -lportaudio -lFLAC -lmp3lame -lopus -lvorbisenc -lvorbis -logg  >&5
configure:5245: $? = 0
configure:5254: result: yes
configure:5323: checking for setlocale in -lgettextpo
configure:5348: gcc -o conftest -g -O2   -L/usr/local/lib conftest.c -lgettextpo  -lsamplerate -lpthread -lportaudio -lFLAC -lmp3lame -lopus -lvorbisenc -lvorbis -logg  >&5
configure:5348: $? = 0
configure:5357: result: yes
configure:5371: checking for dlopen in -ldl
configure:5396: gcc -o conftest -g -O2   -L/usr/local/lib conftest.c -ldl  -lgettextpo -lsamplerate -lpthread -lportaudio -lFLAC -lmp3lame -lopus -lvorbisenc -lvorbis -logg  >&5
configure:5396: $? = 0
configure:5405: result: yes
configure:5428: checking how to run the C preprocessor
configure:5459: gcc -E  conftest.c
configure:5459: $? = 0
configure:5473: gcc -E  conftest.c
conftest.c:22:28: fatal error: ac_nonexistent.h: No such file or directory
 #include <ac_nonexistent.h>
                            ^
compilation terminated.
configure:5473: $? = 1
configure: failed program was:
| /* confdefs.h */
| #define PACKAGE_NAME "butt"
| #define PACKAGE_TARNAME "butt"
| #define PACKAGE_VERSION "0.2.17"
| #define PACKAGE_STRING "butt 0.2.17"
| #define PACKAGE_BUGREPORT "melchor9000@gmail.com"
| #define PACKAGE_URL ""
| #define PACKAGE "butt"
| #define VERSION "0.2.17"
| #define HAVE_LIBOGG 1
| #define HAVE_LIBVORBIS 1
| #define HAVE_LIBVORBISENC 1
| #define HAVE_LIBOPUS 1
| #define HAVE_LIBMP3LAME 1
| #define HAVE_LIBFLAC 1
| #define HAVE_LIBPORTAUDIO 1
| #define HAVE_LIBPTHREAD 1
| #define HAVE_LIBSAMPLERATE 1
| #define HAVE_LIBGETTEXTPO 1
| #define HAVE_LIBDL 1
| /* end confdefs.h.  */
| #include <ac_nonexistent.h>
configure:5498: result: gcc -E
configure:5518: gcc -E  conftest.c
configure:5518: $? = 0
configure:5532: gcc -E  conftest.c
conftest.c:22:28: fatal error: ac_nonexistent.h: No such file or directory
 #include <ac_nonexistent.h>
                            ^
compilation terminated.
configure:5532: $? = 1
configure: failed program was:
| /* confdefs.h */
| #define PACKAGE_NAME "butt"
| #define PACKAGE_TARNAME "butt"
| #define PACKAGE_VERSION "0.2.17"
| #define PACKAGE_STRING "butt 0.2.17"
| #define PACKAGE_BUGREPORT "melchor9000@gmail.com"
| #define PACKAGE_URL ""
| #define PACKAGE "butt"
| #define VERSION "0.2.17"
| #define HAVE_LIBOGG 1
| #define HAVE_LIBVORBIS 1
| #define HAVE_LIBVORBISENC 1
| #define HAVE_LIBOPUS 1
| #define HAVE_LIBMP3LAME 1
| #define HAVE_LIBFLAC 1
| #define HAVE_LIBPORTAUDIO 1
| #define HAVE_LIBPTHREAD 1
| #define HAVE_LIBSAMPLERATE 1
| #define HAVE_LIBGETTEXTPO 1
| #define HAVE_LIBDL 1
| /* end confdefs.h.  */
| #include <ac_nonexistent.h>
configure:5561: checking for grep that handles long lines and -e
configure:5619: result: /bin/grep
configure:5624: checking for egrep
configure:5686: result: /bin/grep -E
configure:5691: checking for ANSI C header files
configure:5711: gcc -c -g -O2  conftest.c >&5
configure:5711: $? = 0
configure:5784: gcc -o conftest -g -O2   -L/usr/local/lib conftest.c -ldl -lgettextpo -lsamplerate -lpthread -lportaudio -lFLAC -lmp3lame -lopus -lvorbisenc -lvorbis -logg  >&5
configure:5784: $? = 0
configure:5784: ./conftest
configure:5784: $? = 0
configure:5795: result: yes
configure:5808: checking for sys/types.h
configure:5808: gcc -c -g -O2  conftest.c >&5
configure:5808: $? = 0
configure:5808: result: yes
configure:5808: checking for sys/stat.h
configure:5808: gcc -c -g -O2  conftest.c >&5
configure:5808: $? = 0
configure:5808: result: yes
configure:5808: checking for stdlib.h
configure:5808: gcc -c -g -O2  conftest.c >&5
configure:5808: $? = 0
configure:5808: result: yes
configure:5808: checking for string.h
configure:5808: gcc -c -g -O2  conftest.c >&5
configure:5808: $? = 0
configure:5808: result: yes
configure:5808: checking for memory.h
configure:5808: gcc -c -g -O2  conftest.c >&5
configure:5808: $? = 0
configure:5808: result: yes
configure:5808: checking for strings.h
configure:5808: gcc -c -g -O2  conftest.c >&5
configure:5808: $? = 0
configure:5808: result: yes
configure:5808: checking for inttypes.h
configure:5808: gcc -c -g -O2  conftest.c >&5
configure:5808: $? = 0
configure:5808: result: yes
configure:5808: checking for stdint.h
configure:5808: gcc -c -g -O2  conftest.c >&5
configure:5808: $? = 0
configure:5808: result: yes
configure:5808: checking for unistd.h
configure:5808: gcc -c -g -O2  conftest.c >&5
configure:5808: $? = 0
configure:5808: result: yes
configure:5820: checking winsock2.h usability
configure:5820: gcc -c -g -O2  conftest.c >&5
conftest.c:65:22: fatal error: winsock2.h: No such file or directory
 #include <winsock2.h>
                      ^
compilation terminated.
configure:5820: $? = 1
configure: failed program was:
| /* confdefs.h */
| #define PACKAGE_NAME "butt"
| #define PACKAGE_TARNAME "butt"
| #define PACKAGE_VERSION "0.2.17"
| #define PACKAGE_STRING "butt 0.2.17"
| #define PACKAGE_BUGREPORT "melchor9000@gmail.com"
| #define PACKAGE_URL ""
| #define PACKAGE "butt"
| #define VERSION "0.2.17"
| #define HAVE_LIBOGG 1
| #define HAVE_LIBVORBIS 1
| #define HAVE_LIBVORBISENC 1
| #define HAVE_LIBOPUS 1
| #define HAVE_LIBMP3LAME 1
| #define HAVE_LIBFLAC 1
| #define HAVE_LIBPORTAUDIO 1
| #define HAVE_LIBPTHREAD 1
| #define HAVE_LIBSAMPLERATE 1
| #define HAVE_LIBGETTEXTPO 1
| #define HAVE_LIBDL 1
| #define STDC_HEADERS 1
| #define HAVE_SYS_TYPES_H 1
| #define HAVE_SYS_STAT_H 1
| #define HAVE_STDLIB_H 1
| #define HAVE_STRING_H 1
| #define HAVE_MEMORY_H 1
| #define HAVE_STRINGS_H 1
| #define HAVE_INTTYPES_H 1
| #define HAVE_STDINT_H 1
| #define HAVE_UNISTD_H 1
| /* end confdefs.h.  */
| #include <stdio.h>
| #ifdef HAVE_SYS_TYPES_H
| # include <sys/types.h>
| #endif
| #ifdef HAVE_SYS_STAT_H
| # include <sys/stat.h>
| #endif
| #ifdef STDC_HEADERS
| # include <stdlib.h>
| # include <stddef.h>
| #else
| # ifdef HAVE_STDLIB_H
| #  include <stdlib.h>
| # endif
| #endif
| #ifdef HAVE_STRING_H
| # if !defined STDC_HEADERS && defined HAVE_MEMORY_H
| #  include <memory.h>
| # endif
| # include <string.h>
| #endif
| #ifdef HAVE_STRINGS_H
| # include <strings.h>
| #endif
| #ifdef HAVE_INTTYPES_H
| # include <inttypes.h>
| #endif
| #ifdef HAVE_STDINT_H
| # include <stdint.h>
| #endif
| #ifdef HAVE_UNISTD_H
| # include <unistd.h>
| #endif
| #include <winsock2.h>
configure:5820: result: no
configure:5820: checking winsock2.h presence
configure:5820: gcc -E  conftest.c
conftest.c:32:22: fatal error: winsock2.h: No such file or directory
 #include <winsock2.h>
                      ^
compilation terminated.
configure:5820: $? = 1
configure: failed program was:
| /* confdefs.h */
| #define PACKAGE_NAME "butt"
| #define PACKAGE_TARNAME "butt"
| #define PACKAGE_VERSION "0.2.17"
| #define PACKAGE_STRING "butt 0.2.17"
| #define PACKAGE_BUGREPORT "melchor9000@gmail.com"
| #define PACKAGE_URL ""
| #define PACKAGE "butt"
| #define VERSION "0.2.17"
| #define HAVE_LIBOGG 1
| #define HAVE_LIBVORBIS 1
| #define HAVE_LIBVORBISENC 1
| #define HAVE_LIBOPUS 1
| #define HAVE_LIBMP3LAME 1
| #define HAVE_LIBFLAC 1
| #define HAVE_LIBPORTAUDIO 1
| #define HAVE_LIBPTHREAD 1
| #define HAVE_LIBSAMPLERATE 1
| #define HAVE_LIBGETTEXTPO 1
| #define HAVE_LIBDL 1
| #define STDC_HEADERS 1
| #define HAVE_SYS_TYPES_H 1
| #define HAVE_SYS_STAT_H 1
| #define HAVE_STDLIB_H 1
| #define HAVE_STRING_H 1
| #define HAVE_MEMORY_H 1
| #define HAVE_STRINGS_H 1
| #define HAVE_INTTYPES_H 1
| #define HAVE_STDINT_H 1
| #define HAVE_UNISTD_H 1
| /* end confdefs.h.  */
| #include <winsock2.h>
configure:5820: result: no
configure:5820: checking for winsock2.h
configure:5820: result: no
configure:5838: WARNING: Linux
configure:5884: checking for fltk-config
configure:5900: found /usr/bin/fltk-config
configure:5911: result: fltk-config
configure:5921: checking for main in -lfltk
configure:5940: gcc -o conftest -g -O2   -L/usr/local/lib conftest.c -lfltk  -ldl -lgettextpo -lsamplerate -lpthread -lportaudio -lFLAC -lmp3lame -lopus -lvorbisenc -lvorbis -logg  >&5
configure:5940: $? = 0
configure:5949: result: yes
configure:5968: checking for X
configure:6076: gcc -E  conftest.c
configure:6076: $? = 0
configure:6107: gcc -o conftest -g -O2   -L/usr/local/lib conftest.c -lX11 -ldl -lgettextpo -lsamplerate -lpthread -lportaudio -lFLAC -lmp3lame -lopus -lvorbisenc -lvorbis -logg  -fPIE -pie -lfltk_images -lfltk -lX11 >&5
configure:6107: $? = 0
configure:6157: result: libraries , headers 
configure:6164: checking fcntl.h usability
configure:6164: gcc -c -g -O2  conftest.c >&5
configure:6164: $? = 0
configure:6164: result: yes
configure:6164: checking fcntl.h presence
configure:6164: gcc -E  conftest.c
configure:6164: $? = 0
configure:6164: result: yes
configure:6164: checking for fcntl.h
configure:6164: result: yes
configure:6164: checking limits.h usability
configure:6164: gcc -c -g -O2  conftest.c >&5
configure:6164: $? = 0
configure:6164: result: yes
configure:6164: checking limits.h presence
configure:6164: gcc -E  conftest.c
configure:6164: $? = 0
configure:6164: result: yes
configure:6164: checking for limits.h
configure:6164: result: yes
configure:6164: checking netdb.h usability
configure:6164: gcc -c -g -O2  conftest.c >&5
configure:6164: $? = 0
configure:6164: result: yes
configure:6164: checking netdb.h presence
configure:6164: gcc -E  conftest.c
configure:6164: $? = 0
configure:6164: result: yes
configure:6164: checking for netdb.h
configure:6164: result: yes
configure:6164: checking netinet/in.h usability
configure:6164: gcc -c -g -O2  conftest.c >&5
configure:6164: $? = 0
configure:6164: result: yes
configure:6164: checking netinet/in.h presence
configure:6164: gcc -E  conftest.c
configure:6164: $? = 0
configure:6164: result: yes
configure:6164: checking for netinet/in.h
configure:6164: result: yes
configure:6164: checking for stdlib.h
configure:6164: result: yes
configure:6164: checking for string.h
configure:6164: result: yes
configure:6164: checking sys/socket.h usability
configure:6164: gcc -c -g -O2  conftest.c >&5
configure:6164: $? = 0
configure:6164: result: yes
configure:6164: checking sys/socket.h presence
configure:6164: gcc -E  conftest.c
configure:6164: $? = 0
configure:6164: result: yes
configure:6164: checking for sys/socket.h
configure:6164: result: yes
configure:6164: checking for unistd.h
configure:6164: result: yes
configure:6176: checking for stdbool.h that conforms to C99
configure:6243: gcc -c -g -O2  conftest.c >&5
configure:6243: $? = 0
configure:6250: result: yes
configure:6252: checking for _Bool
configure:6252: gcc -c -g -O2  conftest.c >&5
configure:6252: $? = 0
configure:6252: gcc -c -g -O2  conftest.c >&5
conftest.c: In function 'main':
conftest.c:76:20: error: expected expression before ')' token
 if (sizeof ((_Bool)))
                    ^
configure:6252: $? = 1
configure: failed program was:
| /* confdefs.h */
| #define PACKAGE_NAME "butt"
| #define PACKAGE_TARNAME "butt"
| #define PACKAGE_VERSION "0.2.17"
| #define PACKAGE_STRING "butt 0.2.17"
| #define PACKAGE_BUGREPORT "melchor9000@gmail.com"
| #define PACKAGE_URL ""
| #define PACKAGE "butt"
| #define VERSION "0.2.17"
| #define HAVE_LIBOGG 1
| #define HAVE_LIBVORBIS 1
| #define HAVE_LIBVORBISENC 1
| #define HAVE_LIBOPUS 1
| #define HAVE_LIBMP3LAME 1
| #define HAVE_LIBFLAC 1
| #define HAVE_LIBPORTAUDIO 1
| #define HAVE_LIBPTHREAD 1
| #define HAVE_LIBSAMPLERATE 1
| #define HAVE_LIBGETTEXTPO 1
| #define HAVE_LIBDL 1
| #define STDC_HEADERS 1
| #define HAVE_SYS_TYPES_H 1
| #define HAVE_SYS_STAT_H 1
| #define HAVE_STDLIB_H 1
| #define HAVE_STRING_H 1
| #define HAVE_MEMORY_H 1
| #define HAVE_STRINGS_H 1
| #define HAVE_INTTYPES_H 1
| #define HAVE_STDINT_H 1
| #define HAVE_UNISTD_H 1
| #define HAVE_FCNTL_H 1
| #define HAVE_LIMITS_H 1
| #define HAVE_NETDB_H 1
| #define HAVE_NETINET_IN_H 1
| #define HAVE_STDLIB_H 1
| #define HAVE_STRING_H 1
| #define HAVE_SYS_SOCKET_H 1
| #define HAVE_UNISTD_H 1
| /* end confdefs.h.  */
| #include <stdio.h>
| #ifdef HAVE_SYS_TYPES_H
| # include <sys/types.h>
| #endif
| #ifdef HAVE_SYS_STAT_H
| # include <sys/stat.h>
| #endif
| #ifdef STDC_HEADERS
| # include <stdlib.h>
| # include <stddef.h>
| #else
| # ifdef HAVE_STDLIB_H
| #  include <stdlib.h>
| # endif
| #endif
| #ifdef HAVE_STRING_H
| # if !defined STDC_HEADERS && defined HAVE_MEMORY_H
| #  include <memory.h>
| # endif
| # include <string.h>
| #endif
| #ifdef HAVE_STRINGS_H
| # include <strings.h>
| #endif
| #ifdef HAVE_INTTYPES_H
| # include <inttypes.h>
| #endif
| #ifdef HAVE_STDINT_H
| # include <stdint.h>
| #endif
| #ifdef HAVE_UNISTD_H
| # include <unistd.h>
| #endif
| int
| main ()
| {
| if (sizeof ((_Bool)))
| 	    return 0;
|   ;
|   return 0;
| }
configure:6252: result: yes
configure:6269: checking for inline
configure:6285: gcc -c -g -O2  conftest.c >&5
configure:6285: $? = 0
configure:6293: result: inline
configure:6315: checking for stdlib.h
configure:6315: result: yes
configure:6325: checking for GNU libc compatible malloc
configure:6349: gcc -o conftest -g -O2   -L/usr/local/lib conftest.c -ldl -lgettextpo -lsamplerate -lpthread -lportaudio -lFLAC -lmp3lame -lopus -lvorbisenc -lvorbis -logg  -fPIE -pie -lfltk_images -lfltk -lX11 >&5
configure:6349: $? = 0
configure:6349: ./conftest
configure:6349: $? = 0
configure:6359: result: yes
configure:6382: checking for stdlib.h
configure:6382: result: yes
configure:6392: checking for GNU libc compatible realloc
configure:6416: gcc -o conftest -g -O2   -L/usr/local/lib conftest.c -ldl -lgettextpo -lsamplerate -lpthread -lportaudio -lFLAC -lmp3lame -lopus -lvorbisenc -lvorbis -logg  -fPIE -pie -lfltk_images -lfltk -lX11 >&5
configure:6416: $? = 0
configure:6416: ./conftest
configure:6416: $? = 0
configure:6426: result: yes
configure:6450: checking for gethostbyaddr
configure:6450: gcc -o conftest -g -O2   -L/usr/local/lib conftest.c -ldl -lgettextpo -lsamplerate -lpthread -lportaudio -lFLAC -lmp3lame -lopus -lvorbisenc -lvorbis -logg  -fPIE -pie -lfltk_images -lfltk -lX11 >&5
configure:6450: $? = 0
configure:6450: result: yes
configure:6450: checking for gethostbyname
configure:6450: gcc -o conftest -g -O2   -L/usr/local/lib conftest.c -ldl -lgettextpo -lsamplerate -lpthread -lportaudio -lFLAC -lmp3lame -lopus -lvorbisenc -lvorbis -logg  -fPIE -pie -lfltk_images -lfltk -lX11 >&5
configure:6450: $? = 0
configure:6450: result: yes
configure:6450: checking for memset
configure:6450: gcc -o conftest -g -O2   -L/usr/local/lib conftest.c -ldl -lgettextpo -lsamplerate -lpthread -lportaudio -lFLAC -lmp3lame -lopus -lvorbisenc -lvorbis -logg  -fPIE -pie -lfltk_images -lfltk -lX11 >&5
conftest.c:71:6: warning: conflicting types for built-in function 'memset'
 char memset ();
      ^~~~~~
configure:6450: $? = 0
configure:6450: result: yes
configure:6450: checking for pow
configure:6450: gcc -o conftest -g -O2   -L/usr/local/lib conftest.c -ldl -lgettextpo -lsamplerate -lpthread -lportaudio -lFLAC -lmp3lame -lopus -lvorbisenc -lvorbis -logg  -fPIE -pie -lfltk_images -lfltk -lX11 >&5
conftest.c:72:6: warning: conflicting types for built-in function 'pow'
 char pow ();
      ^~~
/tmp/cc39u6N9.o: In function `main':
/home/melchor9000/Documentos/Programacion/c/butt/conftest.c:83: undefined reference to `pow'
collect2: error: ld returned 1 exit status
configure:6450: $? = 1
configure: failed program was:
| /* confdefs.h */
| #define PACKAGE_NAME "butt"
| #define PACKAGE_TARNAME "butt"
| #define PACKAGE_VERSION "0.2.17"
| #define PACKAGE_STRING "butt 0.2.17"
| #define PACKAGE_BUGREPORT "melchor9000@gmail.com"
| #define PACKAGE_URL ""
| #define PACKAGE "butt"
| #define VERSION "0.2.17"
| #define HAVE_LIBOGG 1
| #define HAVE_LIBVORBIS 1
| #define HAVE_LIBVORBISENC 1
| #define HAVE_LIBOPUS 1
| #define HAVE_LIBMP3LAME 1
| #define HAVE_LIBFLAC 1
| #define HAVE_LIBPORTAUDIO 1
| #define HAVE_LIBPTHREAD 1
| #define HAVE_LIBSAMPLERATE 1
| #define HAVE_LIBGETTEXTPO 1
| #define HAVE_LIBDL 1
| #define STDC_HEADERS 1
| #define HAVE_SYS_TYPES_H 1
| #define HAVE_SYS_STAT_H 1
| #define HAVE_STDLIB_H 1
| #define HAVE_STRING_H 1
| #define HAVE_MEMORY_H 1
| #define HAVE_STRINGS_H 1
| #define HAVE_INTTYPES_H 1
| #define HAVE_STDINT_H 1
| #define HAVE_UNISTD_H 1
| #define HAVE_FCNTL_H 1
| #define HAVE_LIMITS_H 1
| #define HAVE_NETDB_H 1
| #define HAVE_NETINET_IN_H 1
| #define HAVE_STDLIB_H 1
| #define HAVE_STRING_H 1
| #define HAVE_SYS_SOCKET_H 1
| #define HAVE_UNISTD_H 1
| #define HAVE__BOOL 1
| #define HAVE_STDBOOL_H 1
| #define HAVE_STDLIB_H 1
| #define HAVE_MALLOC 1
| #define HAVE_STDLIB_H 1
| #define HAVE_REALLOC 1
| #define HAVE_GETHOSTBYADDR 1
| #define HAVE_GETHOSTBYNAME 1
| #define HAVE_MEMSET 1
| /* end confdefs.h.  */
| /* Define pow to an innocuous variant, in case <limits.h> declares pow.
|    For example, HP-UX 11i <limits.h> declares gettimeofday.  */
| #define pow innocuous_pow
| 
| /* System header to define __stub macros and hopefully few prototypes,
|     which can conflict with char pow (); below.
|     Prefer <limits.h> to <assert.h> if __STDC__ is defined, since
|     <limits.h> exists even on freestanding compilers.  */
| 
| #ifdef __STDC__
| # include <limits.h>
| #else
| # include <assert.h>
| #endif
| 
| #undef pow
| 
| /* Override any GCC internal prototype to avoid an error.
|    Use char because int might match the return type of a GCC
|    builtin and then its argument prototype would still apply.  */
| #ifdef __cplusplus
| extern "C"
| #endif
| char pow ();
| /* The GNU C library defines this for functions which it implements
|     to always fail with ENOSYS.  Some functions are actually named
|     something starting with __ and the normal name is an alias.  */
| #if defined __stub_pow || defined __stub___pow
| choke me
| #endif
| 
| int
| main ()
| {
| return pow ();
|   ;
|   return 0;
| }
configure:6450: result: no
configure:6450: checking for select
configure:6450: gcc -o conftest -g -O2   -L/usr/local/lib conftest.c -ldl -lgettextpo -lsamplerate -lpthread -lportaudio -lFLAC -lmp3lame -lopus -lvorbisenc -lvorbis -logg  -fPIE -pie -lfltk_images -lfltk -lX11 >&5
configure:6450: $? = 0
configure:6450: result: yes
configure:6450: checking for socket
configure:6450: gcc -o conftest -g -O2   -L/usr/local/lib conftest.c -ldl -lgettextpo -lsamplerate -lpthread -lportaudio -lFLAC -lmp3lame -lopus -lvorbisenc -lvorbis -logg  -fPIE -pie -lfltk_images -lfltk -lX11 >&5
configure:6450: $? = 0
configure:6450: result: yes
configure:6450: checking for strchr
configure:6450: gcc -o conftest -g -O2   -L/usr/local/lib conftest.c -ldl -lgettextpo -lsamplerate -lpthread -lportaudio -lFLAC -lmp3lame -lopus -lvorbisenc -lvorbis -logg  -fPIE -pie -lfltk_images -lfltk -lX11 >&5
conftest.c:74:6: warning: conflicting types for built-in function 'strchr'
 char strchr ();
      ^~~~~~
configure:6450: $? = 0
configure:6450: result: yes
configure:6450: checking for strdup
configure:6450: gcc -o conftest -g -O2   -L/usr/local/lib conftest.c -ldl -lgettextpo -lsamplerate -lpthread -lportaudio -lFLAC -lmp3lame -lopus -lvorbisenc -lvorbis -logg  -fPIE -pie -lfltk_images -lfltk -lX11 >&5
conftest.c:75:6: warning: conflicting types for built-in function 'strdup'
 char strdup ();
      ^~~~~~
configure:6450: $? = 0
configure:6450: result: yes
configure:6450: checking for strpbrk
configure:6450: gcc -o conftest -g -O2   -L/usr/local/lib conftest.c -ldl -lgettextpo -lsamplerate -lpthread -lportaudio -lFLAC -lmp3lame -lopus -lvorbisenc -lvorbis -logg  -fPIE -pie -lfltk_images -lfltk -lX11 >&5
conftest.c:76:6: warning: conflicting types for built-in function 'strpbrk'
 char strpbrk ();
      ^~~~~~~
configure:6450: $? = 0
configure:6450: result: yes
configure:6450: checking for strrchr
configure:6450: gcc -o conftest -g -O2   -L/usr/local/lib conftest.c -ldl -lgettextpo -lsamplerate -lpthread -lportaudio -lFLAC -lmp3lame -lopus -lvorbisenc -lvorbis -logg  -fPIE -pie -lfltk_images -lfltk -lX11 >&5
conftest.c:77:6: warning: conflicting types for built-in function 'strrchr'
 char strrchr ();
      ^~~~~~~
configure:6450: $? = 0
configure:6450: result: yes
configure:6450: checking for strstr
configure:6450: gcc -o conftest -g -O2   -L/usr/local/lib conftest.c -ldl -lgettextpo -lsamplerate -lpthread -lportaudio -lFLAC -lmp3lame -lopus -lvorbisenc -lvorbis -logg  -fPIE -pie -lfltk_images -lfltk -lX11 >&5
conftest.c:78:6: warning: conflicting types for built-in function 'strstr'
 char strstr ();
      ^~~~~~
configure:6450: $? = 0
configure:6450: result: yes
configure:6651: checking that generated files are newer than configure
configure:6657: result: done
configure:6700: creating ./config.status

## ---------------------- ##
## Running config.status. ##
## ---------------------- ##

This file was extended by butt config.status 0.2.17, which was
generated by GNU Autoconf 2.69.  Invocation command line was

  CONFIG_FILES    = 
  CONFIG_HEADERS  = 
  CONFIG_LINKS    = 
  CONFIG_COMMANDS = 
  $ ./config.status 

on melchor-MacBookPro

config.status:920: creating Makefile
config.status:920: creating src/Makefile
config.status:920: creating config.h
config.status:1101: config.h is unchanged
config.status:1149: executing depfiles commands

## ---------------- ##
## Cache variables. ##
## ---------------- ##

ac_cv_build=x86_64-pc-linux-gnu
ac_cv_c_compiler_gnu=yes
ac_cv_c_inline=inline
ac_cv_cxx_compiler_gnu=yes
ac_cv_env_CCC_set=
ac_cv_env_CCC_value=
ac_cv_env_CC_set=
ac_cv_env_CC_value=
ac_cv_env_CFLAGS_set=
ac_cv_env_CFLAGS_value=
ac_cv_env_CPPFLAGS_set=
ac_cv_env_CPPFLAGS_value=
ac_cv_env_CPP_set=
ac_cv_env_CPP_value=
ac_cv_env_CXXFLAGS_set=
ac_cv_env_CXXFLAGS_value=
ac_cv_env_CXX_set=
ac_cv_env_CXX_value=
ac_cv_env_LDFLAGS_set=
ac_cv_env_LDFLAGS_value=
ac_cv_env_LIBS_set=
ac_cv_env_LIBS_value=
ac_cv_env_OBJCFLAGS_set=
ac_cv_env_OBJCFLAGS_value=
ac_cv_env_OBJC_set=
ac_cv_env_OBJC_value=
ac_cv_env_XMKMF_set=
ac_cv_env_XMKMF_value=
ac_cv_env_build_alias_set=
ac_cv_env_build_alias_value=
ac_cv_env_host_alias_set=
ac_cv_env_host_alias_value=
ac_cv_env_target_alias_set=
ac_cv_env_target_alias_value=
ac_cv_func_gethostbyaddr=yes
ac_cv_func_gethostbyname=yes
ac_cv_func_malloc_0_nonnull=yes
ac_cv_func_memset=yes
ac_cv_func_pow=no
ac_cv_func_realloc_0_nonnull=yes
ac_cv_func_select=yes
ac_cv_func_socket=yes
ac_cv_func_strchr=yes
ac_cv_func_strdup=yes
ac_cv_func_strpbrk=yes
ac_cv_func_strrchr=yes
ac_cv_func_strstr=yes
ac_cv_have_x='have_x=yes	ac_x_includes='\'''\''	ac_x_libraries='\'''\'''
ac_cv_header_fcntl_h=yes
ac_cv_header_inttypes_h=yes
ac_cv_header_limits_h=yes
ac_cv_header_memory_h=yes
ac_cv_header_netdb_h=yes
ac_cv_header_netinet_in_h=yes
ac_cv_header_stdbool_h=yes
ac_cv_header_stdc=yes
ac_cv_header_stdint_h=yes
ac_cv_header_stdlib_h=yes
ac_cv_header_string_h=yes
ac_cv_header_strings_h=yes
ac_cv_header_sys_socket_h=yes
ac_cv_header_sys_stat_h=yes
ac_cv_header_sys_types_h=yes
ac_cv_header_unistd_h=yes
ac_cv_header_winsock2_h=no
ac_cv_host=x86_64-pc-linux-gnu
ac_cv_lib_FLAC_FLAC__stream_encoder_new=yes
ac_cv_lib_dl_dlopen=yes
ac_cv_lib_fltk_main=yes
ac_cv_lib_gettextpo_setlocale=yes
ac_cv_lib_mp3lame_lame_init=yes
ac_cv_lib_ogg_ogg_stream_init=yes
ac_cv_lib_opus_opus_encoder_create=yes
ac_cv_lib_portaudio_Pa_Initialize=yes
ac_cv_lib_pthread_pthread_create=yes
ac_cv_lib_samplerate_src_new=yes
ac_cv_lib_vorbis_vorbis_info_init=yes
ac_cv_lib_vorbisenc_vorbis_encode_init=yes
ac_cv_objc_compiler_gnu=no
ac_cv_objext=o
ac_cv_path_EGREP='/bin/grep -E'
ac_cv_path_GREP=/bin/grep
ac_cv_path_install='/usr/bin/install -c'
ac_cv_path_mkdir=/bin/mkdir
ac_cv_prog_AWK=mawk
ac_cv_prog_CPP='gcc -E'
ac_cv_prog_FLTKCONFIG=fltk-config
ac_cv_prog_ac_ct_CC=gcc
ac_cv_prog_ac_ct_CXX=g++
ac_cv_prog_ac_ct_OBJC=gcc
ac_cv_prog_cc_c89=
ac_cv_prog_cc_g=yes
ac_cv_prog_cxx_g=yes
ac_cv_prog_make_make_set=yes
ac_cv_prog_objc_g=no
ac_cv_type__Bool=yes
am_cv_CC_dependencies_compiler_type=gcc3
am_cv_CXX_dependencies_compiler_type=gcc3
am_cv_OBJC_dependencies_compiler_type=gcc3
am_cv_make_support_nested_variables=yes
am_cv_prog_cc_c_o=yes

## ----------------- ##
## Output variables. ##
## ----------------- ##

ACLOCAL='${SHELL} /home/melchor9000/Documentos/Programacion/c/butt/missing aclocal-1.15'
AMDEPBACKSLASH='\'
AMDEP_FALSE='#'
AMDEP_TRUE=''
AMTAR='$${TAR-tar}'
AM_BACKSLASH='\'
AM_DEFAULT_V='$(AM_DEFAULT_VERBOSITY)'
AM_DEFAULT_VERBOSITY='1'
AM_V='$(V)'
AUTOCONF='${SHELL} /home/melchor9000/Documentos/Programacion/c/butt/missing autoconf'
AUTOHEADER='${SHELL} /home/melchor9000/Documentos/Programacion/c/butt/missing autoheader'
AUTOMAKE='${SHELL} /home/melchor9000/Documentos/Programacion/c/butt/missing automake-1.15'
AWK='mawk'
CC='gcc'
CCDEPMODE='depmode=gcc3'
CFLAGS='-g -O2'
CPP='gcc -E'
CPPFLAGS=''
CXX='g++'
CXXDEPMODE='depmode=gcc3'
CXXFLAGS='-g -O2 -I/usr/include/cairo -I/usr/include/glib-2.0 -I/usr/lib/x86_64-linux-gnu/glib-2.0/include -I/usr/include/pixman-1 -I/usr/include/freetype2 -I/usr/include/libpng16 -I/usr/include/freetype2 -I/usr/include/cairo -I/usr/include/glib-2.0 -I/usr/lib/x86_64-linux-gnu/glib-2.0/include -I/usr/include/pixman-1 -I/usr/include/freetype2 -I/usr/include/libpng16 '
CYGPATH_W='echo'
DEFS='-DHAVE_CONFIG_H'
DEPDIR='.deps'
ECHO_C=''
ECHO_N='-n'
ECHO_T=''
EGREP='/bin/grep -E'
EXEEXT=''
FLTKCONFIG='fltk-config'
GREP='/bin/grep'
INSTALL_DATA='${INSTALL} -m 644'
INSTALL_PROGRAM='${INSTALL}'
INSTALL_SCRIPT='${INSTALL}'
INSTALL_STRIP_PROGRAM='$(install_sh) -c -s'
LDFLAGS=' -L/usr/local/lib'
LIBOBJS=''
LIBS='-ldl -lgettextpo -lsamplerate -lpthread -lportaudio -lFLAC -lmp3lame -lopus -lvorbisenc -lvorbis -logg  -fPIE -pie -lfltk_images -lfltk -lX11'
LINUX_FALSE='#'
LINUX_TRUE=''
LTLIBOBJS=''
MAKEINFO='${SHELL} /home/melchor9000/Documentos/Programacion/c/butt/missing makeinfo'
MKDIR_P='/bin/mkdir -p'
OBJC='gcc'
OBJCDEPMODE='depmode=gcc3'
OBJCFLAGS=''
OBJEXT='o'
OSX_FALSE=''
OSX_TRUE='#'
PACKAGE='butt'
PACKAGE_BUGREPORT='melchor9000@gmail.com'
PACKAGE_NAME='butt'
PACKAGE_STRING='butt 0.2.17'
PACKAGE_TARNAME='butt'
PACKAGE_URL=''
PACKAGE_VERSION='0.2.17'
PATH_SEPARATOR=':'
SET_MAKE=''
SHELL='/bin/bash'
STRIP=''
VERSION='0.2.17'
WINDOWS_FALSE=''
WINDOWS_TRUE='#'
XMKMF=''
ac_ct_CC='gcc'
ac_ct_CXX='g++'
ac_ct_OBJC='gcc'
am__EXEEXT_FALSE=''
am__EXEEXT_TRUE='#'
am__fastdepCC_FALSE='#'
am__fastdepCC_TRUE=''
am__fastdepCXX_FALSE='#'
am__fastdepCXX_TRUE=''
am__fastdepOBJC_FALSE='#'
am__fastdepOBJC_TRUE=''
am__include='include'
am__isrc=''
am__leading_dot='.'
am__nodep='_no'
am__quote=''
am__tar='$${TAR-tar} chof - "$$tardir"'
am__untar='$${TAR-tar} xf -'
bindir='${exec_prefix}/bin'
build='x86_64-pc-linux-gnu'
build_alias=''
build_cpu='x86_64'
build_os='linux-gnu'
build_vendor='pc'
datadir='${datarootdir}'
datarootdir='${prefix}/share'
docdir='${datarootdir}/doc/${PACKAGE_TARNAME}'
dvidir='${docdir}'
exec_prefix='${prefix}'
host='x86_64-pc-linux-gnu'
host_alias=''
host_cpu='x86_64'
host_os='linux-gnu'
host_vendor='pc'
htmldir='${docdir}'
includedir='${prefix}/include'
infodir='${datarootdir}/info'
install_sh='${SHELL} /home/melchor9000/Documentos/Programacion/c/butt/install-sh'
libdir='${exec_prefix}/lib'
libexecdir='${exec_prefix}/libexec'
localedir='${datarootdir}/locale'
localstatedir='${prefix}/var'
mandir='${datarootdir}/man'
mkdir_p='$(MKDIR_P)'
oldincludedir='/usr/include'
pdfdir='${docdir}'
prefix='/home/melchor9000/Documentos/butt'
program_transform_name='s,x,x,'
psdir='${docdir}'
runstatedir='${localstatedir}/run'
sbindir='${exec_prefix}/sbin'
sharedstatedir='${prefix}/com'
sysconfdir='${prefix}/etc'
target_alias=''

## ----------- ##
## confdefs.h. ##
## ----------- ##

/* confdefs.h */
#define PACKAGE_NAME "butt"
#define PACKAGE_TARNAME "butt"
#define PACKAGE_VERSION "0.2.17"
#define PACKAGE_STRING "butt 0.2.17"
#define PACKAGE_BUGREPORT "melchor9000@gmail.com"
#define PACKAGE_URL ""
#define PACKAGE "butt"
#define VERSION "0.2.17"
#define HAVE_LIBOGG 1
#define HAVE_LIBVORBIS 1
#define HAVE_LIBVORBISENC 1
#define HAVE_LIBOPUS 1
#define HAVE_LIBMP3LAME 1
#define HAVE_LIBFLAC 1
#define HAVE_LIBPORTAUDIO 1
#define HAVE_LIBPTHREAD 1
#define HAVE_LIBSAMPLERATE 1
#define HAVE_LIBGETTEXTPO 1
#define HAVE_LIBDL 1
#define STDC_HEADERS 1
#define HAVE_SYS_TYPES_H 1
#define HAVE_SYS_STAT_H 1
#define HAVE_STDLIB_H 1
#define HAVE_STRING_H 1
#define HAVE_MEMORY_H 1
#define HAVE_STRINGS_H 1
#define HAVE_INTTYPES_H 1
#define HAVE_STDINT_H 1
#define HAVE_UNISTD_H 1
#define HAVE_FCNTL_H 1
#define HAVE_LIMITS_H 1
#define HAVE_NETDB_H 1
#define HAVE_NETINET_IN_H 1
#define HAVE_STDLIB_H 1
#define HAVE_STRING_H 1
#define HAVE_SYS_SOCKET_H 1
#define HAVE_UNISTD_H 1
#define HAVE__BOOL 1
#define HAVE_STDBOOL_H 1
#define HAVE_STDLIB_H 1
#define HAVE_MALLOC 1
#define HAVE_STDLIB_H 1
#define HAVE_REALLOC 1
#define HAVE_GETHOSTBYADDR 1
#define HAVE_GETHOSTBYNAME 1
#define HAVE_MEMSET 1
#define HAVE_SELECT 1
#define HAVE_SOCKET 1
#define HAVE_STRCHR 1
#define HAVE_STRDUP 1
#define HAVE_STRPBRK 1
#define HAVE_STRRCHR 1
#define HAVE_STRSTR 1
#define VISIBILITY 1

configure: exit 0
