This file contains any messages produced by compilers while
running configure, to aid debugging if configure makes a mistake.

It was created by butt configure 0.2.16, which was
generated by GNU Autoconf 2.69.  Invocation command line was

  $ ../configure 

## --------- ##
## Platform. ##
## --------- ##

hostname = ubuntu-server-iMac-de-Melchor
uname -m = x86_64
uname -r = 3.19.0-15-generic
uname -s = Linux
uname -v = #15-Ubuntu SMP Thu Apr 16 23:32:37 UTC 2015

/usr/bin/uname -p = unknown
/bin/uname -X     = unknown

/bin/arch              = unknown
/usr/bin/arch -k       = unknown
/usr/convex/getsysinfo = unknown
/usr/bin/hostinfo      = unknown
/bin/machine           = unknown
/usr/bin/oslevel       = unknown
/bin/universe          = unknown

PATH: /usr/local/sbin
PATH: /usr/local/bin
PATH: /usr/sbin
PATH: /usr/bin
PATH: /sbin
PATH: /bin
PATH: /usr/games
PATH: /usr/local/games
PATH: /opt/gradle/bin


## ----------- ##
## Core tests. ##
## ----------- ##

configure:2309: checking for a BSD-compatible install
configure:2377: result: /usr/bin/install -c
configure:2388: checking whether build environment is sane
configure:2443: result: yes
configure:2594: checking for a thread-safe mkdir -p
configure:2633: result: /bin/mkdir -p
configure:2640: checking for gawk
configure:2656: found /usr/bin/gawk
configure:2667: result: gawk
configure:2678: checking whether make sets $(MAKE)
configure:2700: result: yes
configure:2729: checking whether make supports nested variables
configure:2746: result: yes
configure:2936: checking for g++
configure:2952: found /usr/bin/g++
configure:2963: result: g++
configure:2990: checking for C++ compiler version
configure:2999: g++ --version >&5
g++ (Ubuntu 4.9.2-10ubuntu13) 4.9.2
Copyright (C) 2014 Free Software Foundation, Inc.
This is free software; see the source for copying conditions.  There is NO
warranty; not even for MERCHANTABILITY or FITNESS FOR A PARTICULAR PURPOSE.

configure:3010: $? = 0
configure:2999: g++ -v >&5
Using built-in specs.
COLLECT_GCC=g++
COLLECT_LTO_WRAPPER=/usr/lib/gcc/x86_64-linux-gnu/4.9/lto-wrapper
Target: x86_64-linux-gnu
Configured with: ../src/configure -v --with-pkgversion='Ubuntu 4.9.2-10ubuntu13' --with-bugurl=file:///usr/share/doc/gcc-4.9/README.Bugs --enable-languages=c,c++,java,go,d,fortran,objc,obj-c++ --prefix=/usr --program-suffix=-4.9 --enable-shared --enable-linker-build-id --libexecdir=/usr/lib --without-included-gettext --enable-threads=posix --with-gxx-include-dir=/usr/include/c++/4.9 --libdir=/usr/lib --enable-nls --with-sysroot=/ --enable-clocale=gnu --enable-libstdcxx-debug --enable-libstdcxx-time=yes --enable-gnu-unique-object --disable-vtable-verify --enable-plugin --with-system-zlib --disable-browser-plugin --enable-java-awt=gtk --enable-gtk-cairo --with-java-home=/usr/lib/jvm/java-1.5.0-gcj-4.9-amd64/jre --enable-java-home --with-jvm-root-dir=/usr/lib/jvm/java-1.5.0-gcj-4.9-amd64 --with-jvm-jar-dir=/usr/lib/jvm-exports/java-1.5.0-gcj-4.9-amd64 --with-arch-directory=amd64 --with-ecj-jar=/usr/share/java/eclipse-ecj.jar --enable-objc-gc --enable-multiarch --disable-werror --with-arch-32=i686 --with-abi=m64 --with-multilib-list=m32,m64,mx32 --enable-multilib --with-tune=generic --enable-checking=release --build=x86_64-linux-gnu --host=x86_64-linux-gnu --target=x86_64-linux-gnu
Thread model: posix
gcc version 4.9.2 (Ubuntu 4.9.2-10ubuntu13) 
configure:3010: $? = 0
configure:2999: g++ -V >&5
g++: error: unrecognized command line option '-V'
g++: fatal error: no input files
compilation terminated.
configure:3010: $? = 4
configure:2999: g++ -qversion >&5
g++: error: unrecognized command line option '-qversion'
g++: fatal error: no input files
compilation terminated.
configure:3010: $? = 4
configure:3030: checking whether the C++ compiler works
configure:3052: g++    conftest.cpp  >&5
configure:3056: $? = 0
configure:3104: result: yes
configure:3107: checking for C++ compiler default output file name
configure:3109: result: a.out
configure:3115: checking for suffix of executables
configure:3122: g++ -o conftest    conftest.cpp  >&5
configure:3126: $? = 0
configure:3148: result: 
configure:3170: checking whether we are cross compiling
configure:3178: g++ -o conftest    conftest.cpp  >&5
configure:3182: $? = 0
configure:3189: ./conftest
configure:3193: $? = 0
configure:3208: result: no
configure:3213: checking for suffix of object files
configure:3235: g++ -c   conftest.cpp >&5
configure:3239: $? = 0
configure:3260: result: o
configure:3264: checking whether we are using the GNU C++ compiler
configure:3283: g++ -c   conftest.cpp >&5
configure:3283: $? = 0
configure:3292: result: yes
configure:3301: checking whether g++ accepts -g
configure:3321: g++ -c -g  conftest.cpp >&5
configure:3321: $? = 0
configure:3362: result: yes
configure:3396: checking for style of include used by make
configure:3424: result: GNU
configure:3450: checking dependency style of g++
configure:3561: result: gcc3
configure:3624: checking for gcc
configure:3640: found /usr/bin/gcc
configure:3651: result: gcc
configure:3880: checking for C compiler version
configure:3889: gcc --version >&5
gcc (Ubuntu 4.9.2-10ubuntu13) 4.9.2
Copyright (C) 2014 Free Software Foundation, Inc.
This is free software; see the source for copying conditions.  There is NO
warranty; not even for MERCHANTABILITY or FITNESS FOR A PARTICULAR PURPOSE.

configure:3900: $? = 0
configure:3889: gcc -v >&5
Using built-in specs.
COLLECT_GCC=gcc
COLLECT_LTO_WRAPPER=/usr/lib/gcc/x86_64-linux-gnu/4.9/lto-wrapper
Target: x86_64-linux-gnu
Configured with: ../src/configure -v --with-pkgversion='Ubuntu 4.9.2-10ubuntu13' --with-bugurl=file:///usr/share/doc/gcc-4.9/README.Bugs --enable-languages=c,c++,java,go,d,fortran,objc,obj-c++ --prefix=/usr --program-suffix=-4.9 --enable-shared --enable-linker-build-id --libexecdir=/usr/lib --without-included-gettext --enable-threads=posix --with-gxx-include-dir=/usr/include/c++/4.9 --libdir=/usr/lib --enable-nls --with-sysroot=/ --enable-clocale=gnu --enable-libstdcxx-debug --enable-libstdcxx-time=yes --enable-gnu-unique-object --disable-vtable-verify --enable-plugin --with-system-zlib --disable-browser-plugin --enable-java-awt=gtk --enable-gtk-cairo --with-java-home=/usr/lib/jvm/java-1.5.0-gcj-4.9-amd64/jre --enable-java-home --with-jvm-root-dir=/usr/lib/jvm/java-1.5.0-gcj-4.9-amd64 --with-jvm-jar-dir=/usr/lib/jvm-exports/java-1.5.0-gcj-4.9-amd64 --with-arch-directory=amd64 --with-ecj-jar=/usr/share/java/eclipse-ecj.jar --enable-objc-gc --enable-multiarch --disable-werror --with-arch-32=i686 --with-abi=m64 --with-multilib-list=m32,m64,mx32 --enable-multilib --with-tune=generic --enable-checking=release --build=x86_64-linux-gnu --host=x86_64-linux-gnu --target=x86_64-linux-gnu
Thread model: posix
gcc version 4.9.2 (Ubuntu 4.9.2-10ubuntu13) 
configure:3900: $? = 0
configure:3889: gcc -V >&5
gcc: error: unrecognized command line option '-V'
gcc: fatal error: no input files
compilation terminated.
configure:3900: $? = 4
configure:3889: gcc -qversion >&5
gcc: error: unrecognized command line option '-qversion'
gcc: fatal error: no input files
compilation terminated.
configure:3900: $? = 4
configure:3904: checking whether we are using the GNU C compiler
configure:3923: gcc -c   conftest.c >&5
configure:3923: $? = 0
configure:3932: result: yes
configure:3941: checking whether gcc accepts -g
configure:3961: gcc -c -g  conftest.c >&5
configure:3961: $? = 0
configure:4002: result: yes
configure:4019: checking for gcc option to accept ISO C89
configure:4082: gcc  -c -g -O2  conftest.c >&5
configure:4082: $? = 0
configure:4095: result: none needed
configure:4120: checking whether gcc understands -c and -o together
configure:4142: gcc -c conftest.c -o conftest2.o
configure:4145: $? = 0
configure:4142: gcc -c conftest.c -o conftest2.o
configure:4145: $? = 0
configure:4157: result: yes
configure:4176: checking dependency style of gcc
configure:4287: result: gcc3
configure:4307: checking for ogg_stream_init in -logg
configure:4332: gcc -o conftest -g -O2   -L/usr/local/lib conftest.c -logg   >&5
configure:4332: $? = 0
configure:4341: result: yes
configure:4355: checking for vorbis_info_init in -lvorbis
configure:4380: gcc -o conftest -g -O2   -L/usr/local/lib conftest.c -lvorbis  -logg  >&5
configure:4380: $? = 0
configure:4389: result: yes
configure:4403: checking for vorbis_encode_init in -lvorbisenc
configure:4428: gcc -o conftest -g -O2   -L/usr/local/lib conftest.c -lvorbisenc  -lvorbis -logg  >&5
configure:4428: $? = 0
configure:4437: result: yes
configure:4451: checking for opus_encoder_create in -lopus
configure:4476: gcc -o conftest -g -O2   -L/usr/local/lib conftest.c -lopus  -lvorbisenc -lvorbis -logg  >&5
configure:4476: $? = 0
configure:4485: result: yes
configure:4499: checking for lame_init in -lmp3lame
configure:4524: gcc -o conftest -g -O2   -L/usr/local/lib conftest.c -lmp3lame  -lopus -lvorbisenc -lvorbis -logg  >&5
configure:4524: $? = 0
configure:4533: result: yes
configure:4548: checking for FLAC__stream_encoder_new in -lFLAC
configure:4573: gcc -o conftest -g -O2   -L/usr/local/lib conftest.c -lFLAC  -lmp3lame -lopus -lvorbisenc -lvorbis -logg  >&5
configure:4573: $? = 0
configure:4582: result: yes
configure:4596: checking for Pa_Initialize in -lportaudio
configure:4621: gcc -o conftest -g -O2   -L/usr/local/lib conftest.c -lportaudio  -lFLAC -lmp3lame -lopus -lvorbisenc -lvorbis -logg  >&5
configure:4621: $? = 0
configure:4630: result: yes
configure:4644: checking for pthread_create in -lpthread
configure:4669: gcc -o conftest -g -O2   -L/usr/local/lib conftest.c -lpthread  -lportaudio -lFLAC -lmp3lame -lopus -lvorbisenc -lvorbis -logg  >&5
configure:4669: $? = 0
configure:4678: result: yes
configure:4692: checking for src_new in -lsamplerate
configure:4717: gcc -o conftest -g -O2   -L/usr/local/lib conftest.c -lsamplerate  -lpthread -lportaudio -lFLAC -lmp3lame -lopus -lvorbisenc -lvorbis -logg  >&5
configure:4717: $? = 0
configure:4726: result: yes
configure:4740: checking for setlocale in -lgettextpo
configure:4765: gcc -o conftest -g -O2   -L/usr/local/lib conftest.c -lgettextpo  -lsamplerate -lpthread -lportaudio -lFLAC -lmp3lame -lopus -lvorbisenc -lvorbis -logg  >&5
configure:4765: $? = 0
configure:4774: result: yes
configure:4794: checking how to run the C preprocessor
configure:4825: gcc -E  conftest.c
configure:4825: $? = 0
configure:4839: gcc -E  conftest.c
conftest.c:21:28: fatal error: ac_nonexistent.h: No such file or directory
 #include <ac_nonexistent.h>
                            ^
compilation terminated.
configure:4839: $? = 1
configure: failed program was:
| /* confdefs.h */
| #define PACKAGE_NAME "butt"
| #define PACKAGE_TARNAME "butt"
| #define PACKAGE_VERSION "0.2.16"
| #define PACKAGE_STRING "butt 0.2.16"
| #define PACKAGE_BUGREPORT "melchor9000@gmail.com"
| #define PACKAGE_URL ""
| #define PACKAGE "butt"
| #define VERSION "0.2.16"
| #define HAVE_LIBOGG 1
| #define HAVE_LIBVORBIS 1
| #define HAVE_LIBVORBISENC 1
| #define HAVE_LIBOPUS 1
| #define HAVE_LIBMP3LAME 1
| #define HAVE_LIBFLAC 1
| #define HAVE_LIBPORTAUDIO 1
| #define HAVE_LIBPTHREAD 1
| #define HAVE_LIBSAMPLERATE 1
| #define HAVE_LIBGETTEXTPO 1
| /* end confdefs.h.  */
| #include <ac_nonexistent.h>
configure:4864: result: gcc -E
configure:4884: gcc -E  conftest.c
configure:4884: $? = 0
configure:4898: gcc -E  conftest.c
conftest.c:21:28: fatal error: ac_nonexistent.h: No such file or directory
 #include <ac_nonexistent.h>
                            ^
compilation terminated.
configure:4898: $? = 1
configure: failed program was:
| /* confdefs.h */
| #define PACKAGE_NAME "butt"
| #define PACKAGE_TARNAME "butt"
| #define PACKAGE_VERSION "0.2.16"
| #define PACKAGE_STRING "butt 0.2.16"
| #define PACKAGE_BUGREPORT "melchor9000@gmail.com"
| #define PACKAGE_URL ""
| #define PACKAGE "butt"
| #define VERSION "0.2.16"
| #define HAVE_LIBOGG 1
| #define HAVE_LIBVORBIS 1
| #define HAVE_LIBVORBISENC 1
| #define HAVE_LIBOPUS 1
| #define HAVE_LIBMP3LAME 1
| #define HAVE_LIBFLAC 1
| #define HAVE_LIBPORTAUDIO 1
| #define HAVE_LIBPTHREAD 1
| #define HAVE_LIBSAMPLERATE 1
| #define HAVE_LIBGETTEXTPO 1
| /* end confdefs.h.  */
| #include <ac_nonexistent.h>
configure:4927: checking for grep that handles long lines and -e
configure:4985: result: /bin/grep
configure:4990: checking for egrep
configure:5052: result: /bin/grep -E
configure:5057: checking for ANSI C header files
configure:5077: gcc -c -g -O2  conftest.c >&5
configure:5077: $? = 0
configure:5150: gcc -o conftest -g -O2   -L/usr/local/lib conftest.c -lgettextpo -lsamplerate -lpthread -lportaudio -lFLAC -lmp3lame -lopus -lvorbisenc -lvorbis -logg  >&5
configure:5150: $? = 0
configure:5150: ./conftest
configure:5150: $? = 0
configure:5161: result: yes
configure:5174: checking for sys/types.h
configure:5174: gcc -c -g -O2  conftest.c >&5
configure:5174: $? = 0
configure:5174: result: yes
configure:5174: checking for sys/stat.h
configure:5174: gcc -c -g -O2  conftest.c >&5
configure:5174: $? = 0
configure:5174: result: yes
configure:5174: checking for stdlib.h
configure:5174: gcc -c -g -O2  conftest.c >&5
configure:5174: $? = 0
configure:5174: result: yes
configure:5174: checking for string.h
configure:5174: gcc -c -g -O2  conftest.c >&5
configure:5174: $? = 0
configure:5174: result: yes
configure:5174: checking for memory.h
configure:5174: gcc -c -g -O2  conftest.c >&5
configure:5174: $? = 0
configure:5174: result: yes
configure:5174: checking for strings.h
configure:5174: gcc -c -g -O2  conftest.c >&5
configure:5174: $? = 0
configure:5174: result: yes
configure:5174: checking for inttypes.h
configure:5174: gcc -c -g -O2  conftest.c >&5
configure:5174: $? = 0
configure:5174: result: yes
configure:5174: checking for stdint.h
configure:5174: gcc -c -g -O2  conftest.c >&5
configure:5174: $? = 0
configure:5174: result: yes
configure:5174: checking for unistd.h
configure:5174: gcc -c -g -O2  conftest.c >&5
configure:5174: $? = 0
configure:5174: result: yes
configure:5186: checking winsock2.h usability
configure:5186: gcc -c -g -O2  conftest.c >&5
conftest.c:64:22: fatal error: winsock2.h: No such file or directory
 #include <winsock2.h>
                      ^
compilation terminated.
configure:5186: $? = 1
configure: failed program was:
| /* confdefs.h */
| #define PACKAGE_NAME "butt"
| #define PACKAGE_TARNAME "butt"
| #define PACKAGE_VERSION "0.2.16"
| #define PACKAGE_STRING "butt 0.2.16"
| #define PACKAGE_BUGREPORT "melchor9000@gmail.com"
| #define PACKAGE_URL ""
| #define PACKAGE "butt"
| #define VERSION "0.2.16"
| #define HAVE_LIBOGG 1
| #define HAVE_LIBVORBIS 1
| #define HAVE_LIBVORBISENC 1
| #define HAVE_LIBOPUS 1
| #define HAVE_LIBMP3LAME 1
| #define HAVE_LIBFLAC 1
| #define HAVE_LIBPORTAUDIO 1
| #define HAVE_LIBPTHREAD 1
| #define HAVE_LIBSAMPLERATE 1
| #define HAVE_LIBGETTEXTPO 1
| #define STDC_HEADERS 1
| #define HAVE_SYS_TYPES_H 1
| #define HAVE_SYS_STAT_H 1
| #define HAVE_STDLIB_H 1
| #define HAVE_STRING_H 1
| #define HAVE_MEMORY_H 1
| #define HAVE_STRINGS_H 1
| #define HAVE_INTTYPES_H 1
| #define HAVE_STDINT_H 1
| #define HAVE_UNISTD_H 1
| /* end confdefs.h.  */
| #include <stdio.h>
| #ifdef HAVE_SYS_TYPES_H
| # include <sys/types.h>
| #endif
| #ifdef HAVE_SYS_STAT_H
| # include <sys/stat.h>
| #endif
| #ifdef STDC_HEADERS
| # include <stdlib.h>
| # include <stddef.h>
| #else
| # ifdef HAVE_STDLIB_H
| #  include <stdlib.h>
| # endif
| #endif
| #ifdef HAVE_STRING_H
| # if !defined STDC_HEADERS && defined HAVE_MEMORY_H
| #  include <memory.h>
| # endif
| # include <string.h>
| #endif
| #ifdef HAVE_STRINGS_H
| # include <strings.h>
| #endif
| #ifdef HAVE_INTTYPES_H
| # include <inttypes.h>
| #endif
| #ifdef HAVE_STDINT_H
| # include <stdint.h>
| #endif
| #ifdef HAVE_UNISTD_H
| # include <unistd.h>
| #endif
| #include <winsock2.h>
configure:5186: result: no
configure:5186: checking winsock2.h presence
configure:5186: gcc -E  conftest.c
conftest.c:31:22: fatal error: winsock2.h: No such file or directory
 #include <winsock2.h>
                      ^
compilation terminated.
configure:5186: $? = 1
configure: failed program was:
| /* confdefs.h */
| #define PACKAGE_NAME "butt"
| #define PACKAGE_TARNAME "butt"
| #define PACKAGE_VERSION "0.2.16"
| #define PACKAGE_STRING "butt 0.2.16"
| #define PACKAGE_BUGREPORT "melchor9000@gmail.com"
| #define PACKAGE_URL ""
| #define PACKAGE "butt"
| #define VERSION "0.2.16"
| #define HAVE_LIBOGG 1
| #define HAVE_LIBVORBIS 1
| #define HAVE_LIBVORBISENC 1
| #define HAVE_LIBOPUS 1
| #define HAVE_LIBMP3LAME 1
| #define HAVE_LIBFLAC 1
| #define HAVE_LIBPORTAUDIO 1
| #define HAVE_LIBPTHREAD 1
| #define HAVE_LIBSAMPLERATE 1
| #define HAVE_LIBGETTEXTPO 1
| #define STDC_HEADERS 1
| #define HAVE_SYS_TYPES_H 1
| #define HAVE_SYS_STAT_H 1
| #define HAVE_STDLIB_H 1
| #define HAVE_STRING_H 1
| #define HAVE_MEMORY_H 1
| #define HAVE_STRINGS_H 1
| #define HAVE_INTTYPES_H 1
| #define HAVE_STDINT_H 1
| #define HAVE_UNISTD_H 1
| /* end confdefs.h.  */
| #include <winsock2.h>
configure:5186: result: no
configure:5186: checking for winsock2.h
configure:5186: result: no
configure:5206: checking for fltk-config
configure:5222: found /usr/bin/fltk-config
configure:5233: result: fltk-config
configure:5243: checking for main in -lfltk
configure:5262: gcc -o conftest -g -O2   -L/usr/local/lib conftest.c -lfltk  -lgettextpo -lsamplerate -lpthread -lportaudio -lFLAC -lmp3lame -lopus -lvorbisenc -lvorbis -logg  >&5
configure:5262: $? = 0
configure:5271: result: yes
configure:5290: checking for X
configure:5398: gcc -E  conftest.c
configure:5398: $? = 0
configure:5429: gcc -o conftest -g -O2   -L/usr/local/lib conftest.c -lX11 -lgettextpo -lsamplerate -lpthread -lportaudio -lFLAC -lmp3lame -lopus -lvorbisenc -lvorbis -logg  -Wl,-Bsymbolic-functions -lfltk_images -lfltk -lX11 >&5
configure:5429: $? = 0
configure:5479: result: libraries , headers 
configure:5486: checking fcntl.h usability
configure:5486: gcc -c -g -O2  conftest.c >&5
configure:5486: $? = 0
configure:5486: result: yes
configure:5486: checking fcntl.h presence
configure:5486: gcc -E  conftest.c
configure:5486: $? = 0
configure:5486: result: yes
configure:5486: checking for fcntl.h
configure:5486: result: yes
configure:5486: checking limits.h usability
configure:5486: gcc -c -g -O2  conftest.c >&5
configure:5486: $? = 0
configure:5486: result: yes
configure:5486: checking limits.h presence
configure:5486: gcc -E  conftest.c
configure:5486: $? = 0
configure:5486: result: yes
configure:5486: checking for limits.h
configure:5486: result: yes
configure:5486: checking netdb.h usability
configure:5486: gcc -c -g -O2  conftest.c >&5
configure:5486: $? = 0
configure:5486: result: yes
configure:5486: checking netdb.h presence
configure:5486: gcc -E  conftest.c
configure:5486: $? = 0
configure:5486: result: yes
configure:5486: checking for netdb.h
configure:5486: result: yes
configure:5486: checking netinet/in.h usability
configure:5486: gcc -c -g -O2  conftest.c >&5
configure:5486: $? = 0
configure:5486: result: yes
configure:5486: checking netinet/in.h presence
configure:5486: gcc -E  conftest.c
configure:5486: $? = 0
configure:5486: result: yes
configure:5486: checking for netinet/in.h
configure:5486: result: yes
configure:5486: checking for stdlib.h
configure:5486: result: yes
configure:5486: checking for string.h
configure:5486: result: yes
configure:5486: checking sys/socket.h usability
configure:5486: gcc -c -g -O2  conftest.c >&5
configure:5486: $? = 0
configure:5486: result: yes
configure:5486: checking sys/socket.h presence
configure:5486: gcc -E  conftest.c
configure:5486: $? = 0
configure:5486: result: yes
configure:5486: checking for sys/socket.h
configure:5486: result: yes
configure:5486: checking for unistd.h
configure:5486: result: yes
configure:5498: checking for stdbool.h that conforms to C99
configure:5565: gcc -c -g -O2  conftest.c >&5
configure:5565: $? = 0
configure:5572: result: yes
configure:5574: checking for _Bool
configure:5574: gcc -c -g -O2  conftest.c >&5
configure:5574: $? = 0
configure:5574: gcc -c -g -O2  conftest.c >&5
conftest.c: In function 'main':
conftest.c:75:20: error: expected expression before ')' token
 if (sizeof ((_Bool)))
                    ^
configure:5574: $? = 1
configure: failed program was:
| /* confdefs.h */
| #define PACKAGE_NAME "butt"
| #define PACKAGE_TARNAME "butt"
| #define PACKAGE_VERSION "0.2.16"
| #define PACKAGE_STRING "butt 0.2.16"
| #define PACKAGE_BUGREPORT "melchor9000@gmail.com"
| #define PACKAGE_URL ""
| #define PACKAGE "butt"
| #define VERSION "0.2.16"
| #define HAVE_LIBOGG 1
| #define HAVE_LIBVORBIS 1
| #define HAVE_LIBVORBISENC 1
| #define HAVE_LIBOPUS 1
| #define HAVE_LIBMP3LAME 1
| #define HAVE_LIBFLAC 1
| #define HAVE_LIBPORTAUDIO 1
| #define HAVE_LIBPTHREAD 1
| #define HAVE_LIBSAMPLERATE 1
| #define HAVE_LIBGETTEXTPO 1
| #define STDC_HEADERS 1
| #define HAVE_SYS_TYPES_H 1
| #define HAVE_SYS_STAT_H 1
| #define HAVE_STDLIB_H 1
| #define HAVE_STRING_H 1
| #define HAVE_MEMORY_H 1
| #define HAVE_STRINGS_H 1
| #define HAVE_INTTYPES_H 1
| #define HAVE_STDINT_H 1
| #define HAVE_UNISTD_H 1
| #define HAVE_FCNTL_H 1
| #define HAVE_LIMITS_H 1
| #define HAVE_NETDB_H 1
| #define HAVE_NETINET_IN_H 1
| #define HAVE_STDLIB_H 1
| #define HAVE_STRING_H 1
| #define HAVE_SYS_SOCKET_H 1
| #define HAVE_UNISTD_H 1
| /* end confdefs.h.  */
| #include <stdio.h>
| #ifdef HAVE_SYS_TYPES_H
| # include <sys/types.h>
| #endif
| #ifdef HAVE_SYS_STAT_H
| # include <sys/stat.h>
| #endif
| #ifdef STDC_HEADERS
| # include <stdlib.h>
| # include <stddef.h>
| #else
| # ifdef HAVE_STDLIB_H
| #  include <stdlib.h>
| # endif
| #endif
| #ifdef HAVE_STRING_H
| # if !defined STDC_HEADERS && defined HAVE_MEMORY_H
| #  include <memory.h>
| # endif
| # include <string.h>
| #endif
| #ifdef HAVE_STRINGS_H
| # include <strings.h>
| #endif
| #ifdef HAVE_INTTYPES_H
| # include <inttypes.h>
| #endif
| #ifdef HAVE_STDINT_H
| # include <stdint.h>
| #endif
| #ifdef HAVE_UNISTD_H
| # include <unistd.h>
| #endif
| int
| main ()
| {
| if (sizeof ((_Bool)))
| 	    return 0;
|   ;
|   return 0;
| }
configure:5574: result: yes
configure:5591: checking for inline
configure:5607: gcc -c -g -O2  conftest.c >&5
configure:5607: $? = 0
configure:5615: result: inline
configure:5637: checking for stdlib.h
configure:5637: result: yes
configure:5647: checking for GNU libc compatible malloc
configure:5671: gcc -o conftest -g -O2   -L/usr/local/lib conftest.c -lgettextpo -lsamplerate -lpthread -lportaudio -lFLAC -lmp3lame -lopus -lvorbisenc -lvorbis -logg  -Wl,-Bsymbolic-functions -lfltk_images -lfltk -lX11 >&5
configure:5671: $? = 0
configure:5671: ./conftest
configure:5671: $? = 0
configure:5681: result: yes
configure:5704: checking for stdlib.h
configure:5704: result: yes
configure:5714: checking for GNU libc compatible realloc
configure:5738: gcc -o conftest -g -O2   -L/usr/local/lib conftest.c -lgettextpo -lsamplerate -lpthread -lportaudio -lFLAC -lmp3lame -lopus -lvorbisenc -lvorbis -logg  -Wl,-Bsymbolic-functions -lfltk_images -lfltk -lX11 >&5
configure:5738: $? = 0
configure:5738: ./conftest
configure:5738: $? = 0
configure:5748: result: yes
configure:5772: checking for gethostbyaddr
configure:5772: gcc -o conftest -g -O2   -L/usr/local/lib conftest.c -lgettextpo -lsamplerate -lpthread -lportaudio -lFLAC -lmp3lame -lopus -lvorbisenc -lvorbis -logg  -Wl,-Bsymbolic-functions -lfltk_images -lfltk -lX11 >&5
configure:5772: $? = 0
configure:5772: result: yes
configure:5772: checking for gethostbyname
configure:5772: gcc -o conftest -g -O2   -L/usr/local/lib conftest.c -lgettextpo -lsamplerate -lpthread -lportaudio -lFLAC -lmp3lame -lopus -lvorbisenc -lvorbis -logg  -Wl,-Bsymbolic-functions -lfltk_images -lfltk -lX11 >&5
configure:5772: $? = 0
configure:5772: result: yes
configure:5772: checking for memset
configure:5772: gcc -o conftest -g -O2   -L/usr/local/lib conftest.c -lgettextpo -lsamplerate -lpthread -lportaudio -lFLAC -lmp3lame -lopus -lvorbisenc -lvorbis -logg  -Wl,-Bsymbolic-functions -lfltk_images -lfltk -lX11 >&5
conftest.c:70:6: warning: conflicting types for built-in function 'memset'
 char memset ();
      ^
configure:5772: $? = 0
configure:5772: result: yes
configure:5772: checking for pow
configure:5772: gcc -o conftest -g -O2   -L/usr/local/lib conftest.c -lgettextpo -lsamplerate -lpthread -lportaudio -lFLAC -lmp3lame -lopus -lvorbisenc -lvorbis -logg  -Wl,-Bsymbolic-functions -lfltk_images -lfltk -lX11 >&5
conftest.c:71:6: warning: conflicting types for built-in function 'pow'
 char pow ();
      ^
/tmp/ccSxEiQI.o: In function `main':
/media/sf_programacion/c/butt/po/conftest.c:82: undefined reference to `pow'
collect2: error: ld returned 1 exit status
configure:5772: $? = 1
configure: failed program was:
| /* confdefs.h */
| #define PACKAGE_NAME "butt"
| #define PACKAGE_TARNAME "butt"
| #define PACKAGE_VERSION "0.2.16"
| #define PACKAGE_STRING "butt 0.2.16"
| #define PACKAGE_BUGREPORT "melchor9000@gmail.com"
| #define PACKAGE_URL ""
| #define PACKAGE "butt"
| #define VERSION "0.2.16"
| #define HAVE_LIBOGG 1
| #define HAVE_LIBVORBIS 1
| #define HAVE_LIBVORBISENC 1
| #define HAVE_LIBOPUS 1
| #define HAVE_LIBMP3LAME 1
| #define HAVE_LIBFLAC 1
| #define HAVE_LIBPORTAUDIO 1
| #define HAVE_LIBPTHREAD 1
| #define HAVE_LIBSAMPLERATE 1
| #define HAVE_LIBGETTEXTPO 1
| #define STDC_HEADERS 1
| #define HAVE_SYS_TYPES_H 1
| #define HAVE_SYS_STAT_H 1
| #define HAVE_STDLIB_H 1
| #define HAVE_STRING_H 1
| #define HAVE_MEMORY_H 1
| #define HAVE_STRINGS_H 1
| #define HAVE_INTTYPES_H 1
| #define HAVE_STDINT_H 1
| #define HAVE_UNISTD_H 1
| #define HAVE_FCNTL_H 1
| #define HAVE_LIMITS_H 1
| #define HAVE_NETDB_H 1
| #define HAVE_NETINET_IN_H 1
| #define HAVE_STDLIB_H 1
| #define HAVE_STRING_H 1
| #define HAVE_SYS_SOCKET_H 1
| #define HAVE_UNISTD_H 1
| #define HAVE__BOOL 1
| #define HAVE_STDBOOL_H 1
| #define HAVE_STDLIB_H 1
| #define HAVE_MALLOC 1
| #define HAVE_STDLIB_H 1
| #define HAVE_REALLOC 1
| #define HAVE_GETHOSTBYADDR 1
| #define HAVE_GETHOSTBYNAME 1
| #define HAVE_MEMSET 1
| /* end confdefs.h.  */
| /* Define pow to an innocuous variant, in case <limits.h> declares pow.
|    For example, HP-UX 11i <limits.h> declares gettimeofday.  */
| #define pow innocuous_pow
| 
| /* System header to define __stub macros and hopefully few prototypes,
|     which can conflict with char pow (); below.
|     Prefer <limits.h> to <assert.h> if __STDC__ is defined, since
|     <limits.h> exists even on freestanding compilers.  */
| 
| #ifdef __STDC__
| # include <limits.h>
| #else
| # include <assert.h>
| #endif
| 
| #undef pow
| 
| /* Override any GCC internal prototype to avoid an error.
|    Use char because int might match the return type of a GCC
|    builtin and then its argument prototype would still apply.  */
| #ifdef __cplusplus
| extern "C"
| #endif
| char pow ();
| /* The GNU C library defines this for functions which it implements
|     to always fail with ENOSYS.  Some functions are actually named
|     something starting with __ and the normal name is an alias.  */
| #if defined __stub_pow || defined __stub___pow
| choke me
| #endif
| 
| int
| main ()
| {
| return pow ();
|   ;
|   return 0;
| }
configure:5772: result: no
configure:5772: checking for select
configure:5772: gcc -o conftest -g -O2   -L/usr/local/lib conftest.c -lgettextpo -lsamplerate -lpthread -lportaudio -lFLAC -lmp3lame -lopus -lvorbisenc -lvorbis -logg  -Wl,-Bsymbolic-functions -lfltk_images -lfltk -lX11 >&5
configure:5772: $? = 0
configure:5772: result: yes
configure:5772: checking for socket
configure:5772: gcc -o conftest -g -O2   -L/usr/local/lib conftest.c -lgettextpo -lsamplerate -lpthread -lportaudio -lFLAC -lmp3lame -lopus -lvorbisenc -lvorbis -logg  -Wl,-Bsymbolic-functions -lfltk_images -lfltk -lX11 >&5
configure:5772: $? = 0
configure:5772: result: yes
configure:5772: checking for strchr
configure:5772: gcc -o conftest -g -O2   -L/usr/local/lib conftest.c -lgettextpo -lsamplerate -lpthread -lportaudio -lFLAC -lmp3lame -lopus -lvorbisenc -lvorbis -logg  -Wl,-Bsymbolic-functions -lfltk_images -lfltk -lX11 >&5
conftest.c:73:6: warning: conflicting types for built-in function 'strchr'
 char strchr ();
      ^
configure:5772: $? = 0
configure:5772: result: yes
configure:5772: checking for strdup
configure:5772: gcc -o conftest -g -O2   -L/usr/local/lib conftest.c -lgettextpo -lsamplerate -lpthread -lportaudio -lFLAC -lmp3lame -lopus -lvorbisenc -lvorbis -logg  -Wl,-Bsymbolic-functions -lfltk_images -lfltk -lX11 >&5
conftest.c:74:6: warning: conflicting types for built-in function 'strdup'
 char strdup ();
      ^
configure:5772: $? = 0
configure:5772: result: yes
configure:5772: checking for strpbrk
configure:5772: gcc -o conftest -g -O2   -L/usr/local/lib conftest.c -lgettextpo -lsamplerate -lpthread -lportaudio -lFLAC -lmp3lame -lopus -lvorbisenc -lvorbis -logg  -Wl,-Bsymbolic-functions -lfltk_images -lfltk -lX11 >&5
conftest.c:75:6: warning: conflicting types for built-in function 'strpbrk'
 char strpbrk ();
      ^
configure:5772: $? = 0
configure:5772: result: yes
configure:5772: checking for strrchr
configure:5772: gcc -o conftest -g -O2   -L/usr/local/lib conftest.c -lgettextpo -lsamplerate -lpthread -lportaudio -lFLAC -lmp3lame -lopus -lvorbisenc -lvorbis -logg  -Wl,-Bsymbolic-functions -lfltk_images -lfltk -lX11 >&5
conftest.c:76:6: warning: conflicting types for built-in function 'strrchr'
 char strrchr ();
      ^
configure:5772: $? = 0
configure:5772: result: yes
configure:5772: checking for strstr
configure:5772: gcc -o conftest -g -O2   -L/usr/local/lib conftest.c -lgettextpo -lsamplerate -lpthread -lportaudio -lFLAC -lmp3lame -lopus -lvorbisenc -lvorbis -logg  -Wl,-Bsymbolic-functions -lfltk_images -lfltk -lX11 >&5
conftest.c:77:6: warning: conflicting types for built-in function 'strstr'
 char strstr ();
      ^
configure:5772: $? = 0
configure:5772: result: yes
configure:5913: checking that generated files are newer than configure
configure:5919: result: done
configure:5950: creating ./config.status

## ---------------------- ##
## Running config.status. ##
## ---------------------- ##

This file was extended by butt config.status 0.2.16, which was
generated by GNU Autoconf 2.69.  Invocation command line was

  CONFIG_FILES    = 
  CONFIG_HEADERS  = 
  CONFIG_LINKS    = 
  CONFIG_COMMANDS = 
  $ ./config.status 

on ubuntu-server-iMac-de-Melchor

config.status:901: creating Makefile
config.status:901: creating src/Makefile
config.status:901: creating config.h
config.status:1115: executing depfiles commands

## ---------------- ##
## Cache variables. ##
## ---------------- ##

ac_cv_c_compiler_gnu=yes
ac_cv_c_inline=inline
ac_cv_cxx_compiler_gnu=yes
ac_cv_env_CCC_set=
ac_cv_env_CCC_value=
ac_cv_env_CC_set=
ac_cv_env_CC_value=
ac_cv_env_CFLAGS_set=
ac_cv_env_CFLAGS_value=
ac_cv_env_CPPFLAGS_set=
ac_cv_env_CPPFLAGS_value=
ac_cv_env_CPP_set=
ac_cv_env_CPP_value=
ac_cv_env_CXXFLAGS_set=
ac_cv_env_CXXFLAGS_value=
ac_cv_env_CXX_set=
ac_cv_env_CXX_value=
ac_cv_env_LDFLAGS_set=
ac_cv_env_LDFLAGS_value=
ac_cv_env_LIBS_set=
ac_cv_env_LIBS_value=
ac_cv_env_XMKMF_set=
ac_cv_env_XMKMF_value=
ac_cv_env_build_alias_set=
ac_cv_env_build_alias_value=
ac_cv_env_host_alias_set=
ac_cv_env_host_alias_value=
ac_cv_env_target_alias_set=
ac_cv_env_target_alias_value=
ac_cv_func_gethostbyaddr=yes
ac_cv_func_gethostbyname=yes
ac_cv_func_malloc_0_nonnull=yes
ac_cv_func_memset=yes
ac_cv_func_pow=no
ac_cv_func_realloc_0_nonnull=yes
ac_cv_func_select=yes
ac_cv_func_socket=yes
ac_cv_func_strchr=yes
ac_cv_func_strdup=yes
ac_cv_func_strpbrk=yes
ac_cv_func_strrchr=yes
ac_cv_func_strstr=yes
ac_cv_have_x='have_x=yes	ac_x_includes='\'''\''	ac_x_libraries='\'''\'''
ac_cv_header_fcntl_h=yes
ac_cv_header_inttypes_h=yes
ac_cv_header_limits_h=yes
ac_cv_header_memory_h=yes
ac_cv_header_netdb_h=yes
ac_cv_header_netinet_in_h=yes
ac_cv_header_stdbool_h=yes
ac_cv_header_stdc=yes
ac_cv_header_stdint_h=yes
ac_cv_header_stdlib_h=yes
ac_cv_header_string_h=yes
ac_cv_header_strings_h=yes
ac_cv_header_sys_socket_h=yes
ac_cv_header_sys_stat_h=yes
ac_cv_header_sys_types_h=yes
ac_cv_header_unistd_h=yes
ac_cv_header_winsock2_h=no
ac_cv_lib_FLAC_FLAC__stream_encoder_new=yes
ac_cv_lib_fltk_main=yes
ac_cv_lib_gettextpo_setlocale=yes
ac_cv_lib_mp3lame_lame_init=yes
ac_cv_lib_ogg_ogg_stream_init=yes
ac_cv_lib_opus_opus_encoder_create=yes
ac_cv_lib_portaudio_Pa_Initialize=yes
ac_cv_lib_pthread_pthread_create=yes
ac_cv_lib_samplerate_src_new=yes
ac_cv_lib_vorbis_vorbis_info_init=yes
ac_cv_lib_vorbisenc_vorbis_encode_init=yes
ac_cv_objext=o
ac_cv_path_EGREP='/bin/grep -E'
ac_cv_path_GREP=/bin/grep
ac_cv_path_install='/usr/bin/install -c'
ac_cv_path_mkdir=/bin/mkdir
ac_cv_prog_AWK=gawk
ac_cv_prog_CPP='gcc -E'
ac_cv_prog_FLTKCONFIG=fltk-config
ac_cv_prog_ac_ct_CC=gcc
ac_cv_prog_ac_ct_CXX=g++
ac_cv_prog_cc_c89=
ac_cv_prog_cc_g=yes
ac_cv_prog_cxx_g=yes
ac_cv_prog_make_make_set=yes
ac_cv_type__Bool=yes
am_cv_CC_dependencies_compiler_type=gcc3
am_cv_CXX_dependencies_compiler_type=gcc3
am_cv_make_support_nested_variables=yes
am_cv_prog_cc_c_o=yes

## ----------------- ##
## Output variables. ##
## ----------------- ##

ACLOCAL='${SHELL} /media/sf_programacion/c/butt/missing aclocal-1.14'
AMDEPBACKSLASH='\'
AMDEP_FALSE='#'
AMDEP_TRUE=''
AMTAR='$${TAR-tar}'
AM_BACKSLASH='\'
AM_DEFAULT_V='$(AM_DEFAULT_VERBOSITY)'
AM_DEFAULT_VERBOSITY='1'
AM_V='$(V)'
AUTOCONF='${SHELL} /media/sf_programacion/c/butt/missing autoconf'
AUTOHEADER='${SHELL} /media/sf_programacion/c/butt/missing autoheader'
AUTOMAKE='${SHELL} /media/sf_programacion/c/butt/missing automake-1.14'
AWK='gawk'
CC='gcc'
CCDEPMODE='depmode=gcc3'
CFLAGS='-g -O2'
CPP='gcc -E'
CPPFLAGS=''
CXX='g++'
CXXDEPMODE='depmode=gcc3'
CXXFLAGS='-g -O2  -I/usr/include/cairo -I/usr/include/glib-2.0 -I/usr/lib/x86_64-linux-gnu/glib-2.0/include -I/usr/include/pixman-1 -I/usr/include/freetype2 -I/usr/include/libpng12  -I/usr/include/freetype2 -I/usr/include/cairo -I/usr/include/glib-2.0 -I/usr/lib/x86_64-linux-gnu/glib-2.0/include -I/usr/include/pixman-1 -I/usr/include/freetype2 -I/usr/include/libpng12   -D_LARGEFILE_SOURCE -D_LARGEFILE64_SOURCE -D_THREAD_SAFE -D_REENTRANT'
CYGPATH_W='echo'
DEFS='-DHAVE_CONFIG_H'
DEPDIR='.deps'
ECHO_C=''
ECHO_N='-n'
ECHO_T=''
EGREP='/bin/grep -E'
EXEEXT=''
FLTKCONFIG='fltk-config'
GREP='/bin/grep'
INSTALL_DATA='${INSTALL} -m 644'
INSTALL_PROGRAM='${INSTALL}'
INSTALL_SCRIPT='${INSTALL}'
INSTALL_STRIP_PROGRAM='$(install_sh) -c -s'
LDFLAGS=' -L/usr/local/lib'
LIBOBJS=''
LIBS='-lgettextpo -lsamplerate -lpthread -lportaudio -lFLAC -lmp3lame -lopus -lvorbisenc -lvorbis -logg  -Wl,-Bsymbolic-functions -lfltk_images -lfltk -lX11'
LTLIBOBJS=''
MAKEINFO='${SHELL} /media/sf_programacion/c/butt/missing makeinfo'
MKDIR_P='/bin/mkdir -p'
OBJEXT='o'
PACKAGE='butt'
PACKAGE_BUGREPORT='melchor9000@gmail.com'
PACKAGE_NAME='butt'
PACKAGE_STRING='butt 0.2.16'
PACKAGE_TARNAME='butt'
PACKAGE_URL=''
PACKAGE_VERSION='0.2.16'
PATH_SEPARATOR=':'
SET_MAKE=''
SHELL='/bin/bash'
STRIP=''
VERSION='0.2.16'
WINDOWS_FALSE=''
WINDOWS_TRUE='#'
XMKMF=''
ac_ct_CC='gcc'
ac_ct_CXX='g++'
am__EXEEXT_FALSE=''
am__EXEEXT_TRUE='#'
am__fastdepCC_FALSE='#'
am__fastdepCC_TRUE=''
am__fastdepCXX_FALSE='#'
am__fastdepCXX_TRUE=''
am__include='include'
am__isrc=' -I$(srcdir)'
am__leading_dot='.'
am__nodep='_no'
am__quote=''
am__tar='$${TAR-tar} chof - "$$tardir"'
am__untar='$${TAR-tar} xf -'
bindir='${exec_prefix}/bin'
build_alias=''
datadir='${datarootdir}'
datarootdir='${prefix}/share'
docdir='${datarootdir}/doc/${PACKAGE_TARNAME}'
dvidir='${docdir}'
exec_prefix='${prefix}'
host_alias=''
htmldir='${docdir}'
includedir='${prefix}/include'
infodir='${datarootdir}/info'
install_sh='${SHELL} /media/sf_programacion/c/butt/install-sh'
libdir='${exec_prefix}/lib'
libexecdir='${exec_prefix}/libexec'
localedir='${datarootdir}/locale'
localstatedir='${prefix}/var'
mandir='${datarootdir}/man'
mkdir_p='$(MKDIR_P)'
oldincludedir='/usr/include'
pdfdir='${docdir}'
prefix='/usr/local'
program_transform_name='s,x,x,'
psdir='${docdir}'
sbindir='${exec_prefix}/sbin'
sharedstatedir='${prefix}/com'
sysconfdir='${prefix}/etc'
target_alias=''

## ----------- ##
## confdefs.h. ##
## ----------- ##

/* confdefs.h */
#define PACKAGE_NAME "butt"
#define PACKAGE_TARNAME "butt"
#define PACKAGE_VERSION "0.2.16"
#define PACKAGE_STRING "butt 0.2.16"
#define PACKAGE_BUGREPORT "melchor9000@gmail.com"
#define PACKAGE_URL ""
#define PACKAGE "butt"
#define VERSION "0.2.16"
#define HAVE_LIBOGG 1
#define HAVE_LIBVORBIS 1
#define HAVE_LIBVORBISENC 1
#define HAVE_LIBOPUS 1
#define HAVE_LIBMP3LAME 1
#define HAVE_LIBFLAC 1
#define HAVE_LIBPORTAUDIO 1
#define HAVE_LIBPTHREAD 1
#define HAVE_LIBSAMPLERATE 1
#define HAVE_LIBGETTEXTPO 1
#define STDC_HEADERS 1
#define HAVE_SYS_TYPES_H 1
#define HAVE_SYS_STAT_H 1
#define HAVE_STDLIB_H 1
#define HAVE_STRING_H 1
#define HAVE_MEMORY_H 1
#define HAVE_STRINGS_H 1
#define HAVE_INTTYPES_H 1
#define HAVE_STDINT_H 1
#define HAVE_UNISTD_H 1
#define HAVE_FCNTL_H 1
#define HAVE_LIMITS_H 1
#define HAVE_NETDB_H 1
#define HAVE_NETINET_IN_H 1
#define HAVE_STDLIB_H 1
#define HAVE_STRING_H 1
#define HAVE_SYS_SOCKET_H 1
#define HAVE_UNISTD_H 1
#define HAVE__BOOL 1
#define HAVE_STDBOOL_H 1
#define HAVE_STDLIB_H 1
#define HAVE_MALLOC 1
#define HAVE_STDLIB_H 1
#define HAVE_REALLOC 1
#define HAVE_GETHOSTBYADDR 1
#define HAVE_GETHOSTBYNAME 1
#define HAVE_MEMSET 1
#define HAVE_SELECT 1
#define HAVE_SOCKET 1
#define HAVE_STRCHR 1
#define HAVE_STRDUP 1
#define HAVE_STRPBRK 1
#define HAVE_STRRCHR 1
#define HAVE_STRSTR 1
#define VISIBILITY 0

configure: exit 0
